  [1m[35m (239.3ms)[0m  [1m[35mCREATE DATABASE "BlueBird_development" ENCODING = 'unicode'[0m
  ↳ bin/rails:4
  [1m[35m (114.2ms)[0m  [1m[35mCREATE DATABASE "BlueBird_test" ENCODING = 'unicode'[0m
  ↳ bin/rails:4
  [1m[35mSQL (1.4ms)[0m  [1m[35mCREATE EXTENSION IF NOT EXISTS "plpgsql"[0m
  ↳ db/schema.rb:16
  [1m[35m (1.6ms)[0m  [1m[35mDROP TABLE IF EXISTS "chirps" CASCADE[0m
  ↳ db/schema.rb:18
  [1m[35m (21.4ms)[0m  [1m[35mCREATE TABLE "chirps" ("id" bigserial primary key, "body" text NOT NULL, "author_id" integer NOT NULL, "created_at" timestamp NOT NULL, "updated_at" timestamp NOT NULL)[0m
  ↳ db/schema.rb:18
  [1m[35m (1.5ms)[0m  [1m[35mCREATE  INDEX  "index_chirps_on_author_id" ON "chirps"  ("author_id")[0m
  ↳ db/schema.rb:18
  [1m[35m (0.3ms)[0m  [1m[35mDROP TABLE IF EXISTS "follows" CASCADE[0m
  ↳ db/schema.rb:26
  [1m[35m (3.6ms)[0m  [1m[35mCREATE TABLE "follows" ("id" bigserial primary key, "follower_id" integer NOT NULL, "followee_id" integer NOT NULL, "created_at" timestamp NOT NULL, "updated_at" timestamp NOT NULL)[0m
  ↳ db/schema.rb:26
  [1m[35m (1.0ms)[0m  [1m[35mCREATE  INDEX  "index_follows_on_followee_id" ON "follows"  ("followee_id")[0m
  ↳ db/schema.rb:26
  [1m[35m (0.9ms)[0m  [1m[35mCREATE  INDEX  "index_follows_on_follower_id" ON "follows"  ("follower_id")[0m
  ↳ db/schema.rb:26
  [1m[35m (0.1ms)[0m  [1m[35mDROP TABLE IF EXISTS "likes" CASCADE[0m
  ↳ db/schema.rb:35
  [1m[35m (2.8ms)[0m  [1m[35mCREATE TABLE "likes" ("id" bigserial primary key, "user_id" integer NOT NULL, "chirp_id" integer NOT NULL, "created_at" timestamp NOT NULL, "updated_at" timestamp NOT NULL)[0m
  ↳ db/schema.rb:35
  [1m[35m (0.2ms)[0m  [1m[35mDROP TABLE IF EXISTS "users" CASCADE[0m
  ↳ db/schema.rb:42
  [1m[35m (3.3ms)[0m  [1m[35mCREATE TABLE "users" ("id" bigserial primary key, "username" character varying NOT NULL, "email" character varying, "password_digest" character varying, "session_token" character varying)[0m
  ↳ db/schema.rb:42
  [1m[35m (2.0ms)[0m  [1m[35mCREATE  INDEX  "index_users_on_session_token" ON "users"  ("session_token")[0m
  ↳ db/schema.rb:42
  [1m[35m (2.4ms)[0m  [1m[35mCREATE UNIQUE INDEX  "index_users_on_username" ON "users"  ("username")[0m
  ↳ db/schema.rb:42
  [1m[35m (3.7ms)[0m  [1m[35mCREATE TABLE "schema_migrations" ("version" character varying NOT NULL PRIMARY KEY)[0m
  ↳ db/schema.rb:13
  [1m[35m (0.5ms)[0m  [1m[34mSELECT "schema_migrations"."version" FROM "schema_migrations" ORDER BY "schema_migrations"."version" ASC[0m
  ↳ db/schema.rb:13
  [1m[35m (0.6ms)[0m  [1m[32mINSERT INTO "schema_migrations" (version) VALUES (20170828221731)[0m
  ↳ db/schema.rb:13
  [1m[35m (0.4ms)[0m  [1m[32mINSERT INTO "schema_migrations" (version) VALUES
(20170816164052),
(20170816174156),
(20170816170838),
(20170816171327),
(20170816162825),
(20170823202541);

[0m
  ↳ db/schema.rb:13
  [1m[35m (3.3ms)[0m  [1m[35mCREATE TABLE "ar_internal_metadata" ("key" character varying NOT NULL PRIMARY KEY, "value" character varying, "created_at" timestamp NOT NULL, "updated_at" timestamp NOT NULL)[0m
  ↳ db/schema.rb:13
  [1m[36mActiveRecord::InternalMetadata Load (0.3ms)[0m  [1m[34mSELECT  "ar_internal_metadata".* FROM "ar_internal_metadata" WHERE "ar_internal_metadata"."key" = $1 LIMIT $2[0m  [["key", "environment"], ["LIMIT", 1]]
  ↳ db/schema.rb:13
  [1m[35m (0.1ms)[0m  [1m[35mBEGIN[0m
  ↳ db/schema.rb:13
  [1m[36mActiveRecord::InternalMetadata Create (2.0ms)[0m  [1m[32mINSERT INTO "ar_internal_metadata" ("key", "value", "created_at", "updated_at") VALUES ($1, $2, $3, $4) RETURNING "key"[0m  [["key", "environment"], ["value", "development"], ["created_at", "2021-11-16 17:37:54.441641"], ["updated_at", "2021-11-16 17:37:54.441641"]]
  ↳ db/schema.rb:13
  [1m[35m (6.9ms)[0m  [1m[35mCOMMIT[0m
  ↳ db/schema.rb:13
  [1m[36mActiveRecord::InternalMetadata Load (0.5ms)[0m  [1m[34mSELECT  "ar_internal_metadata".* FROM "ar_internal_metadata" WHERE "ar_internal_metadata"."key" = $1 LIMIT $2[0m  [["key", "environment"], ["LIMIT", 1]]
  ↳ bin/rails:4
  [1m[35m (0.1ms)[0m  [1m[35mBEGIN[0m
  ↳ bin/rails:4
  [1m[35m (0.1ms)[0m  [1m[35mCOMMIT[0m
  ↳ bin/rails:4
  [1m[35mSQL (0.7ms)[0m  [1m[35mCREATE EXTENSION IF NOT EXISTS "plpgsql"[0m
  ↳ db/schema.rb:16
  [1m[35m (0.4ms)[0m  [1m[35mDROP TABLE IF EXISTS "chirps" CASCADE[0m
  ↳ db/schema.rb:18
  [1m[35m (25.7ms)[0m  [1m[35mCREATE TABLE "chirps" ("id" bigserial primary key, "body" text NOT NULL, "author_id" integer NOT NULL, "created_at" timestamp NOT NULL, "updated_at" timestamp NOT NULL)[0m
  ↳ db/schema.rb:18
  [1m[35m (2.4ms)[0m  [1m[35mCREATE  INDEX  "index_chirps_on_author_id" ON "chirps"  ("author_id")[0m
  ↳ db/schema.rb:18
  [1m[35m (0.3ms)[0m  [1m[35mDROP TABLE IF EXISTS "follows" CASCADE[0m
  ↳ db/schema.rb:26
  [1m[35m (6.6ms)[0m  [1m[35mCREATE TABLE "follows" ("id" bigserial primary key, "follower_id" integer NOT NULL, "followee_id" integer NOT NULL, "created_at" timestamp NOT NULL, "updated_at" timestamp NOT NULL)[0m
  ↳ db/schema.rb:26
  [1m[35m (2.0ms)[0m  [1m[35mCREATE  INDEX  "index_follows_on_followee_id" ON "follows"  ("followee_id")[0m
  ↳ db/schema.rb:26
  [1m[35m (2.1ms)[0m  [1m[35mCREATE  INDEX  "index_follows_on_follower_id" ON "follows"  ("follower_id")[0m
  ↳ db/schema.rb:26
  [1m[35m (0.2ms)[0m  [1m[35mDROP TABLE IF EXISTS "likes" CASCADE[0m
  ↳ db/schema.rb:35
  [1m[35m (4.9ms)[0m  [1m[35mCREATE TABLE "likes" ("id" bigserial primary key, "user_id" integer NOT NULL, "chirp_id" integer NOT NULL, "created_at" timestamp NOT NULL, "updated_at" timestamp NOT NULL)[0m
  ↳ db/schema.rb:35
  [1m[35m (0.3ms)[0m  [1m[35mDROP TABLE IF EXISTS "users" CASCADE[0m
  ↳ db/schema.rb:42
  [1m[35m (6.6ms)[0m  [1m[35mCREATE TABLE "users" ("id" bigserial primary key, "username" character varying NOT NULL, "email" character varying, "password_digest" character varying, "session_token" character varying)[0m
  ↳ db/schema.rb:42
  [1m[35m (1.7ms)[0m  [1m[35mCREATE  INDEX  "index_users_on_session_token" ON "users"  ("session_token")[0m
  ↳ db/schema.rb:42
  [1m[35m (1.0ms)[0m  [1m[35mCREATE UNIQUE INDEX  "index_users_on_username" ON "users"  ("username")[0m
  ↳ db/schema.rb:42
  [1m[35m (3.5ms)[0m  [1m[35mCREATE TABLE "schema_migrations" ("version" character varying NOT NULL PRIMARY KEY)[0m
  ↳ db/schema.rb:13
  [1m[35m (0.5ms)[0m  [1m[34mSELECT "schema_migrations"."version" FROM "schema_migrations" ORDER BY "schema_migrations"."version" ASC[0m
  ↳ db/schema.rb:13
  [1m[35m (0.5ms)[0m  [1m[32mINSERT INTO "schema_migrations" (version) VALUES (20170828221731)[0m
  ↳ db/schema.rb:13
  [1m[35m (0.4ms)[0m  [1m[32mINSERT INTO "schema_migrations" (version) VALUES
(20170816164052),
(20170816174156),
(20170816170838),
(20170816171327),
(20170816162825),
(20170823202541);

[0m
  ↳ db/schema.rb:13
  [1m[35m (3.0ms)[0m  [1m[35mCREATE TABLE "ar_internal_metadata" ("key" character varying NOT NULL PRIMARY KEY, "value" character varying, "created_at" timestamp NOT NULL, "updated_at" timestamp NOT NULL)[0m
  ↳ db/schema.rb:13
  [1m[36mActiveRecord::InternalMetadata Load (0.3ms)[0m  [1m[34mSELECT  "ar_internal_metadata".* FROM "ar_internal_metadata" WHERE "ar_internal_metadata"."key" = $1 LIMIT $2[0m  [["key", "environment"], ["LIMIT", 1]]
  ↳ db/schema.rb:13
  [1m[35m (0.1ms)[0m  [1m[35mBEGIN[0m
  ↳ db/schema.rb:13
  [1m[36mActiveRecord::InternalMetadata Create (0.3ms)[0m  [1m[32mINSERT INTO "ar_internal_metadata" ("key", "value", "created_at", "updated_at") VALUES ($1, $2, $3, $4) RETURNING "key"[0m  [["key", "environment"], ["value", "development"], ["created_at", "2021-11-16 17:37:54.575351"], ["updated_at", "2021-11-16 17:37:54.575351"]]
  ↳ db/schema.rb:13
  [1m[35m (0.2ms)[0m  [1m[35mCOMMIT[0m
  ↳ db/schema.rb:13
  [1m[36mActiveRecord::InternalMetadata Load (0.1ms)[0m  [1m[34mSELECT  "ar_internal_metadata".* FROM "ar_internal_metadata" WHERE "ar_internal_metadata"."key" = $1 LIMIT $2[0m  [["key", "environment"], ["LIMIT", 1]]
  ↳ bin/rails:4
  [1m[35m (0.1ms)[0m  [1m[35mBEGIN[0m
  ↳ bin/rails:4
  [1m[36mActiveRecord::InternalMetadata Update (0.8ms)[0m  [1m[33mUPDATE "ar_internal_metadata" SET "value" = $1, "updated_at" = $2 WHERE "ar_internal_metadata"."key" = $3[0m  [["value", "test"], ["updated_at", "2021-11-16 17:37:54.577687"], ["key", "environment"]]
  ↳ bin/rails:4
  [1m[35m (0.2ms)[0m  [1m[35mCOMMIT[0m
  ↳ bin/rails:4
  [1m[35m (0.7ms)[0m  [1m[34mSELECT "schema_migrations"."version" FROM "schema_migrations" ORDER BY "schema_migrations"."version" ASC[0m
  ↳ bin/rails:4
  [1m[36mUser Load (0.7ms)[0m  [1m[34mSELECT "users".* FROM "users"[0m
  ↳ db/seeds.rb:9
  [1m[36mChirp Load (0.5ms)[0m  [1m[34mSELECT "chirps".* FROM "chirps"[0m
  ↳ db/seeds.rb:10
  [1m[36mLike Load (0.6ms)[0m  [1m[34mSELECT "likes".* FROM "likes"[0m
  ↳ db/seeds.rb:11
  [1m[35m (0.2ms)[0m  [1m[35mBEGIN[0m
  ↳ db/seeds.rb:13
  [1m[36mUser Exists (0.5ms)[0m  [1m[34mSELECT  1 AS one FROM "users" WHERE "users"."username" = $1 LIMIT $2[0m  [["username", "Martha O'Keefe"], ["LIMIT", 1]]
  ↳ db/seeds.rb:13
  [1m[36mUser Create (0.5ms)[0m  [1m[32mINSERT INTO "users" ("username", "email", "password_digest", "session_token") VALUES ($1, $2, $3, $4) RETURNING "id"[0m  [["username", "Martha O'Keefe"], ["email", "celena.abbott@morar.name"], ["password_digest", "$2a$12$CF8kdxsw83fbvWj1Dwl8NeTmr2zb6JOXDk3LLyh7g6Jz/N/0qEcE6"], ["session_token", "N294Tm-nD35NzNda3y_1_A"]]
  ↳ db/seeds.rb:13
  [1m[35m (1.0ms)[0m  [1m[35mCOMMIT[0m
  ↳ db/seeds.rb:13
  [1m[35m (0.1ms)[0m  [1m[35mBEGIN[0m
  ↳ db/seeds.rb:14
  [1m[36mUser Exists (0.3ms)[0m  [1m[34mSELECT  1 AS one FROM "users" WHERE "users"."username" = $1 LIMIT $2[0m  [["username", "Kory Davis"], ["LIMIT", 1]]
  ↳ db/seeds.rb:14
  [1m[36mUser Create (0.2ms)[0m  [1m[32mINSERT INTO "users" ("username", "email", "password_digest", "session_token") VALUES ($1, $2, $3, $4) RETURNING "id"[0m  [["username", "Kory Davis"], ["email", "lucienne_gottlieb@mayer.biz"], ["password_digest", "$2a$12$FNFSgflOokokNTo8rVfAreMnyW6Bl..Wxv8mztFpgFzh1u/1ynqNe"], ["session_token", "VQGLMAMZd-OyccCEKb-NAA"]]
  ↳ db/seeds.rb:14
  [1m[35m (0.5ms)[0m  [1m[35mCOMMIT[0m
  ↳ db/seeds.rb:14
  [1m[35m (0.1ms)[0m  [1m[35mBEGIN[0m
  ↳ db/seeds.rb:15
  [1m[36mUser Exists (0.2ms)[0m  [1m[34mSELECT  1 AS one FROM "users" WHERE "users"."username" = $1 LIMIT $2[0m  [["username", "Hana Kunze"], ["LIMIT", 1]]
  ↳ db/seeds.rb:15
  [1m[36mUser Create (0.4ms)[0m  [1m[32mINSERT INTO "users" ("username", "email", "password_digest", "session_token") VALUES ($1, $2, $3, $4) RETURNING "id"[0m  [["username", "Hana Kunze"], ["email", "alfonso_walker@kub-skiles.info"], ["password_digest", "$2a$12$s.KFUVjfhOX7HLLg4QuqrOGWQCiWLH/5.76ozHzkpFAM95RCHk8m2"], ["session_token", "GIjPyaZsatLf8_f9DquHgQ"]]
  ↳ db/seeds.rb:15
  [1m[35m (0.5ms)[0m  [1m[35mCOMMIT[0m
  ↳ db/seeds.rb:15
  [1m[35m (0.1ms)[0m  [1m[35mBEGIN[0m
  ↳ db/seeds.rb:16
  [1m[36mUser Exists (0.3ms)[0m  [1m[34mSELECT  1 AS one FROM "users" WHERE "users"."username" = $1 LIMIT $2[0m  [["username", "Ted Gerlach"], ["LIMIT", 1]]
  ↳ db/seeds.rb:16
  [1m[36mUser Create (0.2ms)[0m  [1m[32mINSERT INTO "users" ("username", "email", "password_digest", "session_token") VALUES ($1, $2, $3, $4) RETURNING "id"[0m  [["username", "Ted Gerlach"], ["email", "mathew_heller@cole.co"], ["password_digest", "$2a$12$KqSuuhCNbYnJP2f06XqiBedwtBob9ggNFlJGtoyVsnQG5Q0g8lwOO"], ["session_token", "h2A9_NXyvI1YPdJOdD5SdA"]]
  ↳ db/seeds.rb:16
  [1m[35m (0.4ms)[0m  [1m[35mCOMMIT[0m
  ↳ db/seeds.rb:16
  [1m[35m (0.2ms)[0m  [1m[35mBEGIN[0m
  ↳ db/seeds.rb:17
  [1m[36mUser Exists (0.2ms)[0m  [1m[34mSELECT  1 AS one FROM "users" WHERE "users"."username" = $1 LIMIT $2[0m  [["username", "Joelle Harvey"], ["LIMIT", 1]]
  ↳ db/seeds.rb:17
  [1m[36mUser Create (0.2ms)[0m  [1m[32mINSERT INTO "users" ("username", "email", "password_digest", "session_token") VALUES ($1, $2, $3, $4) RETURNING "id"[0m  [["username", "Joelle Harvey"], ["email", "gene@johnson.co"], ["password_digest", "$2a$12$RBOd46kM3kF90O6BY2MzW.1EEZmoc2SuTQy.EMxN0Da9ouiewyYBG"], ["session_token", "3X2G_gelLHVkjewmuCEMSQ"]]
  ↳ db/seeds.rb:17
  [1m[35m (0.4ms)[0m  [1m[35mCOMMIT[0m
  ↳ db/seeds.rb:17
  [1m[35m (0.2ms)[0m  [1m[35mBEGIN[0m
  ↳ db/seeds.rb:18
  [1m[36mUser Exists (0.6ms)[0m  [1m[34mSELECT  1 AS one FROM "users" WHERE "users"."username" = $1 LIMIT $2[0m  [["username", "Zoila Schamberger DDS"], ["LIMIT", 1]]
  ↳ db/seeds.rb:18
  [1m[36mUser Create (0.4ms)[0m  [1m[32mINSERT INTO "users" ("username", "email", "password_digest", "session_token") VALUES ($1, $2, $3, $4) RETURNING "id"[0m  [["username", "Zoila Schamberger DDS"], ["email", "shelton.hermiston@johns.co"], ["password_digest", "$2a$12$7MKGK7wV2LMnv1KvuvOQMOiStu24qBLPYT6I2PJyaGHY4Os83V.9K"], ["session_token", "lAnwQcwBMGGSZF_HX8kgYQ"]]
  ↳ db/seeds.rb:18
  [1m[35m (0.4ms)[0m  [1m[35mCOMMIT[0m
  ↳ db/seeds.rb:18
  [1m[35m (0.1ms)[0m  [1m[35mBEGIN[0m
  ↳ db/seeds.rb:19
  [1m[36mUser Exists (0.2ms)[0m  [1m[34mSELECT  1 AS one FROM "users" WHERE "users"."username" = $1 LIMIT $2[0m  [["username", "Juan Herman"], ["LIMIT", 1]]
  ↳ db/seeds.rb:19
  [1m[36mUser Create (0.2ms)[0m  [1m[32mINSERT INTO "users" ("username", "email", "password_digest", "session_token") VALUES ($1, $2, $3, $4) RETURNING "id"[0m  [["username", "Juan Herman"], ["email", "keven@harber.biz"], ["password_digest", "$2a$12$rX39dgwArBd2hghM1C4sOuMNGxpliMNlQz1CnYX/gvbcgUEmowidm"], ["session_token", "rrU7fbgfdX2Ut8Cjq8ndzw"]]
  ↳ db/seeds.rb:19
  [1m[35m (0.3ms)[0m  [1m[35mCOMMIT[0m
  ↳ db/seeds.rb:19
  [1m[35m (0.2ms)[0m  [1m[35mBEGIN[0m
  ↳ db/seeds.rb:20
  [1m[36mUser Exists (0.2ms)[0m  [1m[34mSELECT  1 AS one FROM "users" WHERE "users"."username" = $1 LIMIT $2[0m  [["username", "Nick Kautzer"], ["LIMIT", 1]]
  ↳ db/seeds.rb:20
  [1m[36mUser Create (0.2ms)[0m  [1m[32mINSERT INTO "users" ("username", "email", "password_digest", "session_token") VALUES ($1, $2, $3, $4) RETURNING "id"[0m  [["username", "Nick Kautzer"], ["email", "mike.botsford@hansen.info"], ["password_digest", "$2a$12$vA7utqJV90b2V18gyjZixOD2SKMzBbK1BZ0LAuGtWTzVL88Qjf4Wi"], ["session_token", "yaGqvXQ6IZu6B8RF-f_62Q"]]
  ↳ db/seeds.rb:20
  [1m[35m (0.4ms)[0m  [1m[35mCOMMIT[0m
  ↳ db/seeds.rb:20
  [1m[35m (0.1ms)[0m  [1m[35mBEGIN[0m
  ↳ db/seeds.rb:21
  [1m[36mUser Exists (0.2ms)[0m  [1m[34mSELECT  1 AS one FROM "users" WHERE "users"."username" = $1 LIMIT $2[0m  [["username", "Dane Cormier"], ["LIMIT", 1]]
  ↳ db/seeds.rb:21
  [1m[36mUser Create (0.2ms)[0m  [1m[32mINSERT INTO "users" ("username", "email", "password_digest", "session_token") VALUES ($1, $2, $3, $4) RETURNING "id"[0m  [["username", "Dane Cormier"], ["email", "quiana_hintz@zboncak-adams.co"], ["password_digest", "$2a$12$1xSxcct/iFhICYTiMnp7TelN.nTXFsfF68zdrl/5pDj9mQTB.pjqK"], ["session_token", "q-s9t5kQqrg2D_SnywASAg"]]
  ↳ db/seeds.rb:21
  [1m[35m (0.4ms)[0m  [1m[35mCOMMIT[0m
  ↳ db/seeds.rb:21
  [1m[35m (0.1ms)[0m  [1m[35mBEGIN[0m
  ↳ db/seeds.rb:23
  [1m[36mUser Load (0.2ms)[0m  [1m[34mSELECT  "users".* FROM "users" WHERE "users"."id" = $1 LIMIT $2[0m  [["id", 1], ["LIMIT", 1]]
  ↳ db/seeds.rb:23
  [1m[36mChirp Create (0.4ms)[0m  [1m[32mINSERT INTO "chirps" ("body", "author_id", "created_at", "updated_at") VALUES ($1, $2, $3, $4) RETURNING "id"[0m  [["body", "Words are in my not-so-humble opinion, the most inexhaustible form of magic we have, capable both of inflicting injury and remedying it."], ["author_id", 1], ["created_at", "2021-11-16 17:37:59.370891"], ["updated_at", "2021-11-16 17:37:59.370891"]]
  ↳ db/seeds.rb:23
  [1m[35m (1.9ms)[0m  [1m[35mCOMMIT[0m
  ↳ db/seeds.rb:23
  [1m[35m (0.1ms)[0m  [1m[35mBEGIN[0m
  ↳ db/seeds.rb:24
  [1m[36mUser Load (0.1ms)[0m  [1m[34mSELECT  "users".* FROM "users" WHERE "users"."id" = $1 LIMIT $2[0m  [["id", 1], ["LIMIT", 1]]
  ↳ db/seeds.rb:24
  [1m[36mChirp Create (0.2ms)[0m  [1m[32mINSERT INTO "chirps" ("body", "author_id", "created_at", "updated_at") VALUES ($1, $2, $3, $4) RETURNING "id"[0m  [["body", "Just because you have the emotional range of a teaspoon doesn’t mean we all have."], ["author_id", 1], ["created_at", "2021-11-16 17:37:59.374870"], ["updated_at", "2021-11-16 17:37:59.374870"]]
  ↳ db/seeds.rb:24
  [1m[35m (3.9ms)[0m  [1m[35mCOMMIT[0m
  ↳ db/seeds.rb:24
  [1m[35m (0.1ms)[0m  [1m[35mBEGIN[0m
  ↳ db/seeds.rb:25
  [1m[36mUser Load (0.2ms)[0m  [1m[34mSELECT  "users".* FROM "users" WHERE "users"."id" = $1 LIMIT $2[0m  [["id", 1], ["LIMIT", 1]]
  ↳ db/seeds.rb:25
  [1m[36mChirp Create (0.2ms)[0m  [1m[32mINSERT INTO "chirps" ("body", "author_id", "created_at", "updated_at") VALUES ($1, $2, $3, $4) RETURNING "id"[0m  [["body", "You sort of start thinking anything’s possible if you’ve got enough nerve."], ["author_id", 1], ["created_at", "2021-11-16 17:37:59.380965"], ["updated_at", "2021-11-16 17:37:59.380965"]]
  ↳ db/seeds.rb:25
  [1m[35m (0.2ms)[0m  [1m[35mCOMMIT[0m
  ↳ db/seeds.rb:25
  [1m[35m (0.0ms)[0m  [1m[35mBEGIN[0m
  ↳ db/seeds.rb:26
  [1m[36mUser Load (0.1ms)[0m  [1m[34mSELECT  "users".* FROM "users" WHERE "users"."id" = $1 LIMIT $2[0m  [["id", 2], ["LIMIT", 1]]
  ↳ db/seeds.rb:26
  [1m[36mChirp Create (0.2ms)[0m  [1m[32mINSERT INTO "chirps" ("body", "author_id", "created_at", "updated_at") VALUES ($1, $2, $3, $4) RETURNING "id"[0m  [["body", "If you want to know what a man’s like, take a good look at how he treats his inferiors, not his equals."], ["author_id", 2], ["created_at", "2021-11-16 17:37:59.382912"], ["updated_at", "2021-11-16 17:37:59.382912"]]
  ↳ db/seeds.rb:26
  [1m[35m (0.2ms)[0m  [1m[35mCOMMIT[0m
  ↳ db/seeds.rb:26
  [1m[35m (0.0ms)[0m  [1m[35mBEGIN[0m
  ↳ db/seeds.rb:27
  [1m[36mUser Load (0.2ms)[0m  [1m[34mSELECT  "users".* FROM "users" WHERE "users"."id" = $1 LIMIT $2[0m  [["id", 2], ["LIMIT", 1]]
  ↳ db/seeds.rb:27
  [1m[36mChirp Create (0.3ms)[0m  [1m[32mINSERT INTO "chirps" ("body", "author_id", "created_at", "updated_at") VALUES ($1, $2, $3, $4) RETURNING "id"[0m  [["body", "Words are in my not-so-humble opinion, the most inexhaustible form of magic we have, capable both of inflicting injury and remedying it."], ["author_id", 2], ["created_at", "2021-11-16 17:37:59.384875"], ["updated_at", "2021-11-16 17:37:59.384875"]]
  ↳ db/seeds.rb:27
  [1m[35m (0.4ms)[0m  [1m[35mCOMMIT[0m
  ↳ db/seeds.rb:27
  [1m[35m (0.1ms)[0m  [1m[35mBEGIN[0m
  ↳ db/seeds.rb:28
  [1m[36mUser Load (0.5ms)[0m  [1m[34mSELECT  "users".* FROM "users" WHERE "users"."id" = $1 LIMIT $2[0m  [["id", 2], ["LIMIT", 1]]
  ↳ db/seeds.rb:28
  [1m[36mChirp Create (0.2ms)[0m  [1m[32mINSERT INTO "chirps" ("body", "author_id", "created_at", "updated_at") VALUES ($1, $2, $3, $4) RETURNING "id"[0m  [["body", "There are some things you can't share without ending up liking each other, and knocking out a twelve-foot mountain troll is one of them."], ["author_id", 2], ["created_at", "2021-11-16 17:37:59.388971"], ["updated_at", "2021-11-16 17:37:59.388971"]]
  ↳ db/seeds.rb:28
  [1m[35m (0.3ms)[0m  [1m[35mCOMMIT[0m
  ↳ db/seeds.rb:28
  [1m[35m (0.2ms)[0m  [1m[35mBEGIN[0m
  ↳ db/seeds.rb:30
  [1m[36mChirp Load (0.3ms)[0m  [1m[34mSELECT  "chirps".* FROM "chirps" WHERE "chirps"."id" = $1 LIMIT $2[0m  [["id", 1], ["LIMIT", 1]]
  ↳ db/seeds.rb:30
  [1m[36mUser Load (0.1ms)[0m  [1m[34mSELECT  "users".* FROM "users" WHERE "users"."id" = $1 LIMIT $2[0m  [["id", 3], ["LIMIT", 1]]
  ↳ db/seeds.rb:30
  [1m[36mLike Create (0.3ms)[0m  [1m[32mINSERT INTO "likes" ("user_id", "chirp_id", "created_at", "updated_at") VALUES ($1, $2, $3, $4) RETURNING "id"[0m  [["user_id", 3], ["chirp_id", 1], ["created_at", "2021-11-16 17:37:59.399380"], ["updated_at", "2021-11-16 17:37:59.399380"]]
  ↳ db/seeds.rb:30
  [1m[35m (0.2ms)[0m  [1m[35mCOMMIT[0m
  ↳ db/seeds.rb:30
  [1m[35m (0.1ms)[0m  [1m[35mBEGIN[0m
  ↳ db/seeds.rb:31
  [1m[36mChirp Load (0.1ms)[0m  [1m[34mSELECT  "chirps".* FROM "chirps" WHERE "chirps"."id" = $1 LIMIT $2[0m  [["id", 2], ["LIMIT", 1]]
  ↳ db/seeds.rb:31
  [1m[36mUser Load (0.1ms)[0m  [1m[34mSELECT  "users".* FROM "users" WHERE "users"."id" = $1 LIMIT $2[0m  [["id", 4], ["LIMIT", 1]]
  ↳ db/seeds.rb:31
  [1m[36mLike Create (0.3ms)[0m  [1m[32mINSERT INTO "likes" ("user_id", "chirp_id", "created_at", "updated_at") VALUES ($1, $2, $3, $4) RETURNING "id"[0m  [["user_id", 4], ["chirp_id", 2], ["created_at", "2021-11-16 17:37:59.401998"], ["updated_at", "2021-11-16 17:37:59.401998"]]
  ↳ db/seeds.rb:31
  [1m[35m (3.7ms)[0m  [1m[35mCOMMIT[0m
  ↳ db/seeds.rb:31
  [1m[35m (0.1ms)[0m  [1m[35mBEGIN[0m
  ↳ db/seeds.rb:32
  [1m[36mChirp Load (0.2ms)[0m  [1m[34mSELECT  "chirps".* FROM "chirps" WHERE "chirps"."id" = $1 LIMIT $2[0m  [["id", 3], ["LIMIT", 1]]
  ↳ db/seeds.rb:32
  [1m[36mUser Load (0.1ms)[0m  [1m[34mSELECT  "users".* FROM "users" WHERE "users"."id" = $1 LIMIT $2[0m  [["id", 5], ["LIMIT", 1]]
  ↳ db/seeds.rb:32
  [1m[36mLike Create (0.2ms)[0m  [1m[32mINSERT INTO "likes" ("user_id", "chirp_id", "created_at", "updated_at") VALUES ($1, $2, $3, $4) RETURNING "id"[0m  [["user_id", 5], ["chirp_id", 3], ["created_at", "2021-11-16 17:37:59.408854"], ["updated_at", "2021-11-16 17:37:59.408854"]]
  ↳ db/seeds.rb:32
  [1m[35m (0.2ms)[0m  [1m[35mCOMMIT[0m
  ↳ db/seeds.rb:32
  [1m[35m (0.1ms)[0m  [1m[35mBEGIN[0m
  ↳ db/seeds.rb:33
  [1m[36mChirp Load (0.1ms)[0m  [1m[34mSELECT  "chirps".* FROM "chirps" WHERE "chirps"."id" = $1 LIMIT $2[0m  [["id", 3], ["LIMIT", 1]]
  ↳ db/seeds.rb:33
  [1m[36mUser Load (0.1ms)[0m  [1m[34mSELECT  "users".* FROM "users" WHERE "users"."id" = $1 LIMIT $2[0m  [["id", 3], ["LIMIT", 1]]
  ↳ db/seeds.rb:33
  [1m[36mLike Create (0.2ms)[0m  [1m[32mINSERT INTO "likes" ("user_id", "chirp_id", "created_at", "updated_at") VALUES ($1, $2, $3, $4) RETURNING "id"[0m  [["user_id", 3], ["chirp_id", 3], ["created_at", "2021-11-16 17:37:59.411133"], ["updated_at", "2021-11-16 17:37:59.411133"]]
  ↳ db/seeds.rb:33
  [1m[35m (0.1ms)[0m  [1m[35mCOMMIT[0m
  ↳ db/seeds.rb:33
  [1m[35m (0.0ms)[0m  [1m[35mBEGIN[0m
  ↳ db/seeds.rb:34
  [1m[36mChirp Load (0.1ms)[0m  [1m[34mSELECT  "chirps".* FROM "chirps" WHERE "chirps"."id" = $1 LIMIT $2[0m  [["id", 1], ["LIMIT", 1]]
  ↳ db/seeds.rb:34
  [1m[36mUser Load (0.1ms)[0m  [1m[34mSELECT  "users".* FROM "users" WHERE "users"."id" = $1 LIMIT $2[0m  [["id", 4], ["LIMIT", 1]]
  ↳ db/seeds.rb:34
  [1m[36mLike Create (0.2ms)[0m  [1m[32mINSERT INTO "likes" ("user_id", "chirp_id", "created_at", "updated_at") VALUES ($1, $2, $3, $4) RETURNING "id"[0m  [["user_id", 4], ["chirp_id", 1], ["created_at", "2021-11-16 17:37:59.413350"], ["updated_at", "2021-11-16 17:37:59.413350"]]
  ↳ db/seeds.rb:34
  [1m[35m (0.1ms)[0m  [1m[35mCOMMIT[0m
  ↳ db/seeds.rb:34
  [1m[35m (0.0ms)[0m  [1m[35mBEGIN[0m
  ↳ db/seeds.rb:35
  [1m[36mChirp Load (0.1ms)[0m  [1m[34mSELECT  "chirps".* FROM "chirps" WHERE "chirps"."id" = $1 LIMIT $2[0m  [["id", 2], ["LIMIT", 1]]
  ↳ db/seeds.rb:35
  [1m[36mUser Load (0.1ms)[0m  [1m[34mSELECT  "users".* FROM "users" WHERE "users"."id" = $1 LIMIT $2[0m  [["id", 5], ["LIMIT", 1]]
  ↳ db/seeds.rb:35
  [1m[36mLike Create (0.2ms)[0m  [1m[32mINSERT INTO "likes" ("user_id", "chirp_id", "created_at", "updated_at") VALUES ($1, $2, $3, $4) RETURNING "id"[0m  [["user_id", 5], ["chirp_id", 2], ["created_at", "2021-11-16 17:37:59.415644"], ["updated_at", "2021-11-16 17:37:59.415644"]]
  ↳ db/seeds.rb:35
  [1m[35m (3.3ms)[0m  [1m[35mCOMMIT[0m
  ↳ db/seeds.rb:35
Started GET "/" for ::1 at 2021-11-16 09:39:35 -0800
  [1m[35m (1.0ms)[0m  [1m[34mSELECT "schema_migrations"."version" FROM "schema_migrations" ORDER BY "schema_migrations"."version" ASC[0m
  ↳ /Users/lyhourlay/.rbenv/versions/2.5.1/lib/ruby/gems/2.5.0/gems/activerecord-5.2.6/lib/active_record/log_subscriber.rb:98
Processing by RootController#root as HTML
  Rendering root/root.html.erb within layouts/application
  Rendered root/root.html.erb within layouts/application (1.7ms)
Completed 200 OK in 1407ms (Views: 1399.8ms | ActiveRecord: 0.0ms)


Started GET "/" for ::1 at 2021-11-16 10:16:32 -0800
Processing by RootController#root as HTML
  Rendering root/root.html.erb within layouts/application
  Rendered root/root.html.erb within layouts/application (1.4ms)
Completed 200 OK in 309ms (Views: 305.7ms | ActiveRecord: 0.0ms)


Started GET "/" for ::1 at 2021-11-16 10:40:55 -0800
Processing by RootController#root as HTML
  Rendering root/root.html.erb within layouts/application
  Rendered root/root.html.erb within layouts/application (0.7ms)
Completed 200 OK in 563ms (Views: 559.9ms | ActiveRecord: 0.0ms)


Started GET "/" for ::1 at 2021-11-16 10:41:01 -0800
Processing by RootController#root as HTML
  Rendering root/root.html.erb within layouts/application
  Rendered root/root.html.erb within layouts/application (0.2ms)
Completed 200 OK in 47ms (Views: 44.5ms | ActiveRecord: 0.0ms)


Started GET "/" for ::1 at 2021-11-16 10:42:08 -0800
  [1m[35m (1.7ms)[0m  [1m[34mSELECT "schema_migrations"."version" FROM "schema_migrations" ORDER BY "schema_migrations"."version" ASC[0m
  ↳ /Users/lyhourlay/.rbenv/versions/2.5.1/lib/ruby/gems/2.5.0/gems/activerecord-5.2.6/lib/active_record/log_subscriber.rb:98
Processing by RootController#root as HTML
  Rendering root/root.html.erb within layouts/application
  Rendered root/root.html.erb within layouts/application (0.9ms)
Completed 200 OK in 1134ms (Views: 1131.8ms | ActiveRecord: 0.0ms)


Started GET "/" for ::1 at 2021-11-16 10:43:17 -0800
Processing by RootController#root as HTML
  Rendering root/root.html.erb within layouts/application
  Rendered root/root.html.erb within layouts/application (0.3ms)
Completed 200 OK in 241ms (Views: 238.7ms | ActiveRecord: 0.0ms)


Started GET "/" for ::1 at 2021-11-16 10:46:17 -0800
Processing by RootController#root as HTML
  Rendering root/root.html.erb within layouts/application
  Rendered root/root.html.erb within layouts/application (0.2ms)
Completed 200 OK in 170ms (Views: 167.9ms | ActiveRecord: 0.0ms)


Started POST "/api/users" for ::1 at 2021-11-16 10:47:10 -0800
Processing by Api::UsersController#create as JSON
  Parameters: {"user"=>{"username"=>"lyhourlay", "email"=>"lyhourlay1@gmail.com", "password"=>"[FILTERED]"}}
  [1m[35m (0.1ms)[0m  [1m[35mBEGIN[0m
  ↳ app/controllers/api/users_controller.rb:4
  [1m[36mUser Exists (6.3ms)[0m  [1m[34mSELECT  1 AS one FROM "users" WHERE "users"."username" = $1 LIMIT $2[0m  [["username", "lyhourlay"], ["LIMIT", 1]]
  ↳ app/controllers/api/users_controller.rb:4
  [1m[36mUser Create (2.2ms)[0m  [1m[32mINSERT INTO "users" ("username", "email", "password_digest", "session_token") VALUES ($1, $2, $3, $4) RETURNING "id"[0m  [["username", "lyhourlay"], ["email", "lyhourlay1@gmail.com"], ["password_digest", "$2a$12$bccm8/x325MtOJqF3O0MlOV2/240t8.eOxxAoybAnjrs7ztPeqVze"], ["session_token", "uZiuTJMSXISKnF7M_pSPLQ"]]
  ↳ app/controllers/api/users_controller.rb:4
  [1m[35m (1.1ms)[0m  [1m[35mCOMMIT[0m
  ↳ app/controllers/api/users_controller.rb:4
  Rendering api/users/show.json.jbuilder
  Rendered api/users/show.json.jbuilder (0.5ms)
Completed 200 OK in 231ms (Views: 13.7ms | ActiveRecord: 19.1ms)


Started GET "/api/chirps" for ::1 at 2021-11-16 10:47:10 -0800
Processing by Api::ChirpsController#index as JSON
  Rendering api/chirps/index.json.jbuilder
  [1m[36mChirp Load (61.2ms)[0m  [1m[34mSELECT "chirps".* FROM "chirps"[0m
  ↳ app/views/api/chirps/index.json.jbuilder:1
  Rendered api/chirps/_chirp.json.jbuilder (0.3ms)
  Rendered api/chirps/_chirp.json.jbuilder (0.0ms)
  Rendered api/chirps/_chirp.json.jbuilder (0.0ms)
  Rendered api/chirps/_chirp.json.jbuilder (0.0ms)
  Rendered api/chirps/_chirp.json.jbuilder (0.0ms)
  Rendered api/chirps/_chirp.json.jbuilder (0.0ms)
  Rendered api/chirps/index.json.jbuilder (81.0ms)
Completed 200 OK in 110ms (Views: 21.1ms | ActiveRecord: 66.5ms)


Started GET "/" for ::1 at 2021-11-16 10:57:28 -0800
Processing by RootController#root as HTML
  Rendering root/root.html.erb within layouts/application
  Rendered root/root.html.erb within layouts/application (3.2ms)
Completed 200 OK in 295ms (Views: 290.9ms | ActiveRecord: 0.0ms)


Started GET "/" for ::1 at 2021-11-16 10:57:32 -0800
Processing by RootController#root as HTML
  Rendering root/root.html.erb within layouts/application
  Rendered root/root.html.erb within layouts/application (0.4ms)
Completed 200 OK in 102ms (Views: 100.4ms | ActiveRecord: 0.0ms)


Started GET "/" for ::1 at 2021-11-16 10:58:07 -0800
Processing by RootController#root as HTML
  Rendering root/root.html.erb within layouts/application
  Rendered root/root.html.erb within layouts/application (0.3ms)
Completed 200 OK in 251ms (Views: 248.7ms | ActiveRecord: 0.0ms)


Started POST "/api/users" for ::1 at 2021-11-16 10:58:29 -0800
Processing by Api::UsersController#create as JSON
  Parameters: {"user"=>{"username"=>"hehehe", "email"=>"dfasdfa", "password"=>"[FILTERED]"}}
  [1m[35m (0.1ms)[0m  [1m[35mBEGIN[0m
  ↳ app/controllers/api/users_controller.rb:4
  [1m[36mUser Exists (2.8ms)[0m  [1m[34mSELECT  1 AS one FROM "users" WHERE "users"."username" = $1 LIMIT $2[0m  [["username", "hehehe"], ["LIMIT", 1]]
  ↳ app/controllers/api/users_controller.rb:4
  [1m[36mUser Create (4.5ms)[0m  [1m[32mINSERT INTO "users" ("username", "email", "password_digest", "session_token") VALUES ($1, $2, $3, $4) RETURNING "id"[0m  [["username", "hehehe"], ["email", "dfasdfa"], ["password_digest", "$2a$12$pSmjdcO6XeJuDL9sJmfZ1ODWsWCaXNzQygSsPIWK6DuME0D0XlWB6"], ["session_token", "4pDtsukvpVNvG1odqj-rsQ"]]
  ↳ app/controllers/api/users_controller.rb:4
  [1m[35m (1.3ms)[0m  [1m[35mCOMMIT[0m
  ↳ app/controllers/api/users_controller.rb:4
  Rendering api/users/show.json.jbuilder
  Rendered api/users/show.json.jbuilder (0.5ms)
Completed 200 OK in 201ms (Views: 7.0ms | ActiveRecord: 8.7ms)


Started GET "/api/chirps" for ::1 at 2021-11-16 10:58:29 -0800
Processing by Api::ChirpsController#index as JSON
  Rendering api/chirps/index.json.jbuilder
  [1m[36mChirp Load (1.5ms)[0m  [1m[34mSELECT "chirps".* FROM "chirps"[0m
  ↳ app/views/api/chirps/index.json.jbuilder:1
  Rendered api/chirps/_chirp.json.jbuilder (0.3ms)
  Rendered api/chirps/_chirp.json.jbuilder (0.0ms)
  Rendered api/chirps/_chirp.json.jbuilder (0.0ms)
  Rendered api/chirps/_chirp.json.jbuilder (0.0ms)
  Rendered api/chirps/_chirp.json.jbuilder (0.0ms)
  Rendered api/chirps/_chirp.json.jbuilder (0.0ms)
  Rendered api/chirps/index.json.jbuilder (7.7ms)
Completed 200 OK in 17ms (Views: 13.1ms | ActiveRecord: 1.5ms)


Started GET "/" for ::1 at 2021-11-16 10:59:46 -0800
Processing by RootController#root as HTML
  Rendering root/root.html.erb within layouts/application
  Rendered root/root.html.erb within layouts/application (0.2ms)
Completed 200 OK in 349ms (Views: 346.9ms | ActiveRecord: 0.0ms)


Started GET "/api/chirps" for ::1 at 2021-11-16 10:59:47 -0800
Processing by Api::ChirpsController#index as JSON
  Rendering api/chirps/index.json.jbuilder
  [1m[36mChirp Load (14.7ms)[0m  [1m[34mSELECT "chirps".* FROM "chirps"[0m
  ↳ app/views/api/chirps/index.json.jbuilder:1
  Rendered api/chirps/_chirp.json.jbuilder (0.3ms)
  Rendered api/chirps/_chirp.json.jbuilder (0.1ms)
  Rendered api/chirps/_chirp.json.jbuilder (0.0ms)
  Rendered api/chirps/_chirp.json.jbuilder (0.0ms)
  Rendered api/chirps/_chirp.json.jbuilder (0.0ms)
  Rendered api/chirps/_chirp.json.jbuilder (0.1ms)
  Rendered api/chirps/index.json.jbuilder (21.1ms)
Completed 200 OK in 33ms (Views: 15.3ms | ActiveRecord: 14.7ms)


Started POST "/api/users" for ::1 at 2021-11-16 10:59:56 -0800
Processing by Api::UsersController#create as JSON
  Parameters: {"user"=>{"username"=>"dasdf", "email"=>"fasd", "password"=>"[FILTERED]"}}
  [1m[35m (0.1ms)[0m  [1m[35mBEGIN[0m
  ↳ app/controllers/api/users_controller.rb:4
  [1m[36mUser Exists (0.3ms)[0m  [1m[34mSELECT  1 AS one FROM "users" WHERE "users"."username" = $1 LIMIT $2[0m  [["username", "dasdf"], ["LIMIT", 1]]
  ↳ app/controllers/api/users_controller.rb:4
  [1m[36mUser Create (0.3ms)[0m  [1m[32mINSERT INTO "users" ("username", "email", "password_digest", "session_token") VALUES ($1, $2, $3, $4) RETURNING "id"[0m  [["username", "dasdf"], ["email", "fasd"], ["password_digest", "$2a$12$bqT.8jliF310AoPRXDkkEejFohneeWOkOGVa.fynLuMn4iCWzzv9O"], ["session_token", "MnXAZAKHLIHU4C8Xtmkihg"]]
  ↳ app/controllers/api/users_controller.rb:4
  [1m[35m (0.5ms)[0m  [1m[35mCOMMIT[0m
  ↳ app/controllers/api/users_controller.rb:4
  Rendering api/users/show.json.jbuilder
  Rendered api/users/show.json.jbuilder (0.4ms)
Completed 200 OK in 193ms (Views: 8.2ms | ActiveRecord: 1.3ms)


Started GET "/api/chirps" for ::1 at 2021-11-16 10:59:56 -0800
Processing by Api::ChirpsController#index as JSON
  Rendering api/chirps/index.json.jbuilder
  [1m[36mChirp Load (0.3ms)[0m  [1m[34mSELECT "chirps".* FROM "chirps"[0m
  ↳ app/views/api/chirps/index.json.jbuilder:1
  Rendered api/chirps/_chirp.json.jbuilder (0.2ms)
  Rendered api/chirps/_chirp.json.jbuilder (0.0ms)
  Rendered api/chirps/_chirp.json.jbuilder (0.0ms)
  Rendered api/chirps/_chirp.json.jbuilder (0.0ms)
  Rendered api/chirps/_chirp.json.jbuilder (0.0ms)
  Rendered api/chirps/_chirp.json.jbuilder (0.0ms)
  Rendered api/chirps/index.json.jbuilder (5.3ms)
Completed 200 OK in 13ms (Views: 11.1ms | ActiveRecord: 0.3ms)


Started DELETE "/api/session" for ::1 at 2021-11-16 10:59:59 -0800
Processing by Api::SessionsController#destroy as JSON
  [1m[36mUser Load (0.2ms)[0m  [1m[34mSELECT  "users".* FROM "users" WHERE "users"."session_token" = $1 LIMIT $2[0m  [["session_token", "MnXAZAKHLIHU4C8Xtmkihg"], ["LIMIT", 1]]
  ↳ app/controllers/application_controller.rb:26
  [1m[35m (0.1ms)[0m  [1m[35mBEGIN[0m
  ↳ app/models/user.rb:84
  [1m[36mUser Exists (0.3ms)[0m  [1m[34mSELECT  1 AS one FROM "users" WHERE "users"."username" = $1 AND "users"."id" != $2 LIMIT $3[0m  [["username", "dasdf"], ["id", 12], ["LIMIT", 1]]
  ↳ app/models/user.rb:84
  [1m[36mUser Update (0.4ms)[0m  [1m[33mUPDATE "users" SET "session_token" = $1 WHERE "users"."id" = $2[0m  [["session_token", "mLVTcuBfJagoO1OOGabFIg"], ["id", 12]]
  ↳ app/models/user.rb:84
  [1m[35m (0.2ms)[0m  [1m[35mCOMMIT[0m
  ↳ app/models/user.rb:84
Completed 200 OK in 4ms (Views: 0.1ms | ActiveRecord: 1.3ms)


Started POST "/api/users" for ::1 at 2021-11-16 11:09:24 -0800
Processing by Api::UsersController#create as JSON
  Parameters: {"user"=>{"username"=>"fds", "email"=>"d", "password"=>"[FILTERED]"}}
  [1m[35m (0.1ms)[0m  [1m[35mBEGIN[0m
  ↳ app/controllers/api/users_controller.rb:4
  [1m[36mUser Exists (2.4ms)[0m  [1m[34mSELECT  1 AS one FROM "users" WHERE "users"."username" = $1 LIMIT $2[0m  [["username", "fds"], ["LIMIT", 1]]
  ↳ app/controllers/api/users_controller.rb:4
  [1m[36mUser Create (0.5ms)[0m  [1m[32mINSERT INTO "users" ("username", "email", "password_digest", "session_token") VALUES ($1, $2, $3, $4) RETURNING "id"[0m  [["username", "fds"], ["email", "d"], ["password_digest", "$2a$12$0./X4ukNAyI4PaZ1lwNUsOyXQN71lDNvM5PtSy6BphNzkDqHoBGeK"], ["session_token", "cBux44FSsp_rJno2W4lVfw"]]
  ↳ app/controllers/api/users_controller.rb:4
  [1m[35m (1.2ms)[0m  [1m[35mCOMMIT[0m
  ↳ app/controllers/api/users_controller.rb:4
  Rendering api/users/show.json.jbuilder
  Rendered api/users/show.json.jbuilder (1.6ms)
Completed 200 OK in 211ms (Views: 10.8ms | ActiveRecord: 4.3ms)


Started GET "/api/chirps" for ::1 at 2021-11-16 11:09:24 -0800
Processing by Api::ChirpsController#index as JSON
  Rendering api/chirps/index.json.jbuilder
  [1m[36mChirp Load (1.5ms)[0m  [1m[34mSELECT "chirps".* FROM "chirps"[0m
  ↳ app/views/api/chirps/index.json.jbuilder:1
  Rendered api/chirps/_chirp.json.jbuilder (0.5ms)
  Rendered api/chirps/_chirp.json.jbuilder (0.1ms)
  Rendered api/chirps/_chirp.json.jbuilder (0.1ms)
  Rendered api/chirps/_chirp.json.jbuilder (0.1ms)
  Rendered api/chirps/_chirp.json.jbuilder (0.1ms)
  Rendered api/chirps/_chirp.json.jbuilder (0.1ms)
  Rendered api/chirps/index.json.jbuilder (12.1ms)
Completed 200 OK in 29ms (Views: 21.5ms | ActiveRecord: 1.5ms)


Started DELETE "/api/session" for ::1 at 2021-11-16 11:09:27 -0800
Processing by Api::SessionsController#destroy as JSON
  [1m[36mUser Load (0.2ms)[0m  [1m[34mSELECT  "users".* FROM "users" WHERE "users"."session_token" = $1 LIMIT $2[0m  [["session_token", "cBux44FSsp_rJno2W4lVfw"], ["LIMIT", 1]]
  ↳ app/controllers/application_controller.rb:26
  [1m[35m (0.1ms)[0m  [1m[35mBEGIN[0m
  ↳ app/models/user.rb:84
  [1m[36mUser Exists (0.2ms)[0m  [1m[34mSELECT  1 AS one FROM "users" WHERE "users"."username" = $1 AND "users"."id" != $2 LIMIT $3[0m  [["username", "fds"], ["id", 13], ["LIMIT", 1]]
  ↳ app/models/user.rb:84
  [1m[36mUser Update (0.3ms)[0m  [1m[33mUPDATE "users" SET "session_token" = $1 WHERE "users"."id" = $2[0m  [["session_token", "ef8YNpJOu1emfvomTN0piA"], ["id", 13]]
  ↳ app/models/user.rb:84
  [1m[35m (0.5ms)[0m  [1m[35mCOMMIT[0m
  ↳ app/models/user.rb:84
Completed 200 OK in 6ms (Views: 0.2ms | ActiveRecord: 1.5ms)


Started POST "/api/users" for ::1 at 2021-11-16 11:09:47 -0800
Processing by Api::UsersController#create as JSON
  Parameters: {"user"=>{"username"=>"sadfas", "email"=>"fasdf", "password"=>"[FILTERED]"}}
  [1m[35m (0.2ms)[0m  [1m[35mBEGIN[0m
  ↳ app/controllers/api/users_controller.rb:4
  [1m[36mUser Exists (0.3ms)[0m  [1m[34mSELECT  1 AS one FROM "users" WHERE "users"."username" = $1 LIMIT $2[0m  [["username", "sadfas"], ["LIMIT", 1]]
  ↳ app/controllers/api/users_controller.rb:4
  [1m[36mUser Create (0.2ms)[0m  [1m[32mINSERT INTO "users" ("username", "email", "password_digest", "session_token") VALUES ($1, $2, $3, $4) RETURNING "id"[0m  [["username", "sadfas"], ["email", "fasdf"], ["password_digest", "$2a$12$2ye/ghVGzAf.Es3wBga65uSJFR/hThUfrcZx9AGJ56xSgiAcFPyMu"], ["session_token", "1-M9BqZiLHqUtC3Sd0utPw"]]
  ↳ app/controllers/api/users_controller.rb:4
  [1m[35m (0.5ms)[0m  [1m[35mCOMMIT[0m
  ↳ app/controllers/api/users_controller.rb:4
  Rendering api/users/show.json.jbuilder
  Rendered api/users/show.json.jbuilder (0.4ms)
Completed 200 OK in 193ms (Views: 6.7ms | ActiveRecord: 1.2ms)


Started GET "/api/chirps" for ::1 at 2021-11-16 11:09:47 -0800
Processing by Api::ChirpsController#index as JSON
  Rendering api/chirps/index.json.jbuilder
  [1m[36mChirp Load (0.2ms)[0m  [1m[34mSELECT "chirps".* FROM "chirps"[0m
  ↳ app/views/api/chirps/index.json.jbuilder:1
  Rendered api/chirps/_chirp.json.jbuilder (0.2ms)
  Rendered api/chirps/_chirp.json.jbuilder (0.0ms)
  Rendered api/chirps/_chirp.json.jbuilder (0.0ms)
  Rendered api/chirps/_chirp.json.jbuilder (0.0ms)
  Rendered api/chirps/_chirp.json.jbuilder (0.0ms)
  Rendered api/chirps/_chirp.json.jbuilder (0.0ms)
  Rendered api/chirps/index.json.jbuilder (5.3ms)
Completed 200 OK in 15ms (Views: 12.0ms | ActiveRecord: 0.2ms)


Started GET "/" for ::1 at 2021-11-16 11:09:51 -0800
Processing by RootController#root as HTML
  Rendering root/root.html.erb within layouts/application
  Rendered root/root.html.erb within layouts/application (0.8ms)
  [1m[36mUser Load (0.3ms)[0m  [1m[34mSELECT  "users".* FROM "users" WHERE "users"."session_token" = $1 LIMIT $2[0m  [["session_token", "1-M9BqZiLHqUtC3Sd0utPw"], ["LIMIT", 1]]
  ↳ app/controllers/application_controller.rb:26
Completed 200 OK in 87ms (Views: 84.4ms | ActiveRecord: 0.3ms)


Started GET "/api/chirps" for ::1 at 2021-11-16 11:09:51 -0800
Processing by Api::ChirpsController#index as JSON
  Rendering api/chirps/index.json.jbuilder
  [1m[36mChirp Load (0.3ms)[0m  [1m[34mSELECT "chirps".* FROM "chirps"[0m
  ↳ app/views/api/chirps/index.json.jbuilder:1
  Rendered api/chirps/_chirp.json.jbuilder (0.3ms)
  Rendered api/chirps/_chirp.json.jbuilder (0.1ms)
  Rendered api/chirps/_chirp.json.jbuilder (0.1ms)
  Rendered api/chirps/_chirp.json.jbuilder (0.1ms)
  Rendered api/chirps/_chirp.json.jbuilder (0.1ms)
  Rendered api/chirps/_chirp.json.jbuilder (0.1ms)
  Rendered api/chirps/index.json.jbuilder (7.4ms)
Completed 200 OK in 16ms (Views: 13.5ms | ActiveRecord: 0.3ms)


Started GET "/" for ::1 at 2021-11-16 11:10:52 -0800
Processing by RootController#root as HTML
  Rendering root/root.html.erb within layouts/application
  Rendered root/root.html.erb within layouts/application (0.2ms)
  [1m[36mUser Load (0.3ms)[0m  [1m[34mSELECT  "users".* FROM "users" WHERE "users"."session_token" = $1 LIMIT $2[0m  [["session_token", "1-M9BqZiLHqUtC3Sd0utPw"], ["LIMIT", 1]]
  ↳ app/controllers/application_controller.rb:26
Completed 200 OK in 44ms (Views: 41.9ms | ActiveRecord: 0.3ms)


Started GET "/api/chirps" for ::1 at 2021-11-16 11:10:52 -0800
Processing by Api::ChirpsController#index as JSON
  Rendering api/chirps/index.json.jbuilder
  [1m[36mChirp Load (0.3ms)[0m  [1m[34mSELECT "chirps".* FROM "chirps"[0m
  ↳ app/views/api/chirps/index.json.jbuilder:1
  Rendered api/chirps/_chirp.json.jbuilder (0.3ms)
  Rendered api/chirps/_chirp.json.jbuilder (0.0ms)
  Rendered api/chirps/_chirp.json.jbuilder (0.0ms)
  Rendered api/chirps/_chirp.json.jbuilder (0.1ms)
  Rendered api/chirps/_chirp.json.jbuilder (0.1ms)
  Rendered api/chirps/_chirp.json.jbuilder (0.1ms)
  Rendered api/chirps/index.json.jbuilder (31.0ms)
Completed 200 OK in 48ms (Views: 40.3ms | ActiveRecord: 0.3ms)


Started GET "/" for ::1 at 2021-11-16 11:10:53 -0800
Processing by RootController#root as HTML
  Rendering root/root.html.erb within layouts/application
  Rendered root/root.html.erb within layouts/application (0.3ms)
  [1m[36mUser Load (0.3ms)[0m  [1m[34mSELECT  "users".* FROM "users" WHERE "users"."session_token" = $1 LIMIT $2[0m  [["session_token", "1-M9BqZiLHqUtC3Sd0utPw"], ["LIMIT", 1]]
  ↳ app/controllers/application_controller.rb:26
Completed 200 OK in 82ms (Views: 78.4ms | ActiveRecord: 0.3ms)


Started GET "/api/chirps" for ::1 at 2021-11-16 11:10:53 -0800
Processing by Api::ChirpsController#index as JSON
  Rendering api/chirps/index.json.jbuilder
  [1m[36mChirp Load (0.2ms)[0m  [1m[34mSELECT "chirps".* FROM "chirps"[0m
  ↳ app/views/api/chirps/index.json.jbuilder:1
  Rendered api/chirps/_chirp.json.jbuilder (0.2ms)
  Rendered api/chirps/_chirp.json.jbuilder (0.0ms)
  Rendered api/chirps/_chirp.json.jbuilder (0.0ms)
  Rendered api/chirps/_chirp.json.jbuilder (0.0ms)
  Rendered api/chirps/_chirp.json.jbuilder (0.0ms)
  Rendered api/chirps/_chirp.json.jbuilder (0.3ms)
  Rendered api/chirps/index.json.jbuilder (6.1ms)
Completed 200 OK in 16ms (Views: 13.0ms | ActiveRecord: 0.2ms)


Started GET "/" for ::1 at 2021-11-16 11:10:55 -0800
Processing by RootController#root as HTML
  Rendering root/root.html.erb within layouts/application
  Rendered root/root.html.erb within layouts/application (0.2ms)
  [1m[36mUser Load (0.3ms)[0m  [1m[34mSELECT  "users".* FROM "users" WHERE "users"."session_token" = $1 LIMIT $2[0m  [["session_token", "1-M9BqZiLHqUtC3Sd0utPw"], ["LIMIT", 1]]
  ↳ app/controllers/application_controller.rb:26
Completed 200 OK in 51ms (Views: 49.1ms | ActiveRecord: 0.3ms)


Started GET "/api/chirps" for ::1 at 2021-11-16 11:10:55 -0800
Processing by Api::ChirpsController#index as JSON
  Rendering api/chirps/index.json.jbuilder
  [1m[36mChirp Load (0.3ms)[0m  [1m[34mSELECT "chirps".* FROM "chirps"[0m
  ↳ app/views/api/chirps/index.json.jbuilder:1
  Rendered api/chirps/_chirp.json.jbuilder (0.3ms)
  Rendered api/chirps/_chirp.json.jbuilder (0.0ms)
  Rendered api/chirps/_chirp.json.jbuilder (0.0ms)
  Rendered api/chirps/_chirp.json.jbuilder (0.1ms)
  Rendered api/chirps/_chirp.json.jbuilder (0.1ms)
  Rendered api/chirps/_chirp.json.jbuilder (0.1ms)
  Rendered api/chirps/index.json.jbuilder (7.7ms)
Completed 200 OK in 16ms (Views: 13.9ms | ActiveRecord: 0.3ms)


Started GET "/" for ::1 at 2021-11-16 11:10:55 -0800
Processing by RootController#root as HTML
  Rendering root/root.html.erb within layouts/application
  Rendered root/root.html.erb within layouts/application (0.2ms)
  [1m[36mUser Load (0.2ms)[0m  [1m[34mSELECT  "users".* FROM "users" WHERE "users"."session_token" = $1 LIMIT $2[0m  [["session_token", "1-M9BqZiLHqUtC3Sd0utPw"], ["LIMIT", 1]]
  ↳ app/controllers/application_controller.rb:26
Completed 200 OK in 52ms (Views: 50.4ms | ActiveRecord: 0.2ms)


Started GET "/api/chirps" for ::1 at 2021-11-16 11:10:56 -0800
Processing by Api::ChirpsController#index as JSON
  Rendering api/chirps/index.json.jbuilder
  [1m[36mChirp Load (0.3ms)[0m  [1m[34mSELECT "chirps".* FROM "chirps"[0m
  ↳ app/views/api/chirps/index.json.jbuilder:1
  Rendered api/chirps/_chirp.json.jbuilder (0.5ms)
  Rendered api/chirps/_chirp.json.jbuilder (0.0ms)
  Rendered api/chirps/_chirp.json.jbuilder (0.0ms)
  Rendered api/chirps/_chirp.json.jbuilder (0.0ms)
  Rendered api/chirps/_chirp.json.jbuilder (0.0ms)
  Rendered api/chirps/_chirp.json.jbuilder (0.0ms)
  Rendered api/chirps/index.json.jbuilder (5.6ms)
Completed 200 OK in 18ms (Views: 13.5ms | ActiveRecord: 0.3ms)


Started GET "/" for ::1 at 2021-11-16 11:10:59 -0800
Processing by RootController#root as HTML
  Rendering root/root.html.erb within layouts/application
  Rendered root/root.html.erb within layouts/application (0.2ms)
  [1m[36mUser Load (0.2ms)[0m  [1m[34mSELECT  "users".* FROM "users" WHERE "users"."session_token" = $1 LIMIT $2[0m  [["session_token", "1-M9BqZiLHqUtC3Sd0utPw"], ["LIMIT", 1]]
  ↳ app/controllers/application_controller.rb:26
Completed 200 OK in 56ms (Views: 54.5ms | ActiveRecord: 0.2ms)


Started GET "/api/chirps" for ::1 at 2021-11-16 11:10:59 -0800
Processing by Api::ChirpsController#index as JSON
  Rendering api/chirps/index.json.jbuilder
  [1m[36mChirp Load (0.2ms)[0m  [1m[34mSELECT "chirps".* FROM "chirps"[0m
  ↳ app/views/api/chirps/index.json.jbuilder:1
  Rendered api/chirps/_chirp.json.jbuilder (0.2ms)
  Rendered api/chirps/_chirp.json.jbuilder (0.2ms)
  Rendered api/chirps/_chirp.json.jbuilder (0.0ms)
  Rendered api/chirps/_chirp.json.jbuilder (0.0ms)
  Rendered api/chirps/_chirp.json.jbuilder (0.0ms)
  Rendered api/chirps/_chirp.json.jbuilder (0.3ms)
  Rendered api/chirps/index.json.jbuilder (6.0ms)
Completed 200 OK in 15ms (Views: 12.6ms | ActiveRecord: 0.2ms)


Started GET "/" for ::1 at 2021-11-16 11:13:24 -0800
Processing by RootController#root as HTML
  Rendering root/root.html.erb within layouts/application
  Rendered root/root.html.erb within layouts/application (0.2ms)
  [1m[36mUser Load (0.2ms)[0m  [1m[34mSELECT  "users".* FROM "users" WHERE "users"."session_token" = $1 LIMIT $2[0m  [["session_token", "1-M9BqZiLHqUtC3Sd0utPw"], ["LIMIT", 1]]
  ↳ app/controllers/application_controller.rb:26
Completed 200 OK in 64ms (Views: 61.8ms | ActiveRecord: 0.2ms)


Started GET "/api/chirps" for ::1 at 2021-11-16 11:13:24 -0800
Processing by Api::ChirpsController#index as JSON
  Rendering api/chirps/index.json.jbuilder
  [1m[36mChirp Load (1.9ms)[0m  [1m[34mSELECT "chirps".* FROM "chirps"[0m
  ↳ app/views/api/chirps/index.json.jbuilder:1
  Rendered api/chirps/_chirp.json.jbuilder (0.5ms)
  Rendered api/chirps/_chirp.json.jbuilder (0.1ms)
  Rendered api/chirps/_chirp.json.jbuilder (0.1ms)
  Rendered api/chirps/_chirp.json.jbuilder (0.0ms)
  Rendered api/chirps/_chirp.json.jbuilder (0.0ms)
  Rendered api/chirps/_chirp.json.jbuilder (0.0ms)
  Rendered api/chirps/index.json.jbuilder (10.2ms)
Completed 200 OK in 21ms (Views: 15.8ms | ActiveRecord: 1.9ms)


Started GET "/" for ::1 at 2021-11-16 11:13:25 -0800
Processing by RootController#root as HTML
  Rendering root/root.html.erb within layouts/application
  Rendered root/root.html.erb within layouts/application (0.2ms)
  [1m[36mUser Load (0.2ms)[0m  [1m[34mSELECT  "users".* FROM "users" WHERE "users"."session_token" = $1 LIMIT $2[0m  [["session_token", "1-M9BqZiLHqUtC3Sd0utPw"], ["LIMIT", 1]]
  ↳ app/controllers/application_controller.rb:26
Completed 200 OK in 39ms (Views: 37.4ms | ActiveRecord: 0.2ms)


Started GET "/api/chirps" for ::1 at 2021-11-16 11:13:25 -0800
Processing by Api::ChirpsController#index as JSON
  Rendering api/chirps/index.json.jbuilder
  [1m[36mChirp Load (0.3ms)[0m  [1m[34mSELECT "chirps".* FROM "chirps"[0m
  ↳ app/views/api/chirps/index.json.jbuilder:1
  Rendered api/chirps/_chirp.json.jbuilder (0.2ms)
  Rendered api/chirps/_chirp.json.jbuilder (0.0ms)
  Rendered api/chirps/_chirp.json.jbuilder (0.0ms)
  Rendered api/chirps/_chirp.json.jbuilder (0.0ms)
  Rendered api/chirps/_chirp.json.jbuilder (0.1ms)
  Rendered api/chirps/_chirp.json.jbuilder (0.0ms)
  Rendered api/chirps/index.json.jbuilder (5.5ms)
Completed 200 OK in 15ms (Views: 12.1ms | ActiveRecord: 0.3ms)


Started GET "/" for ::1 at 2021-11-16 11:13:26 -0800
Processing by RootController#root as HTML
  Rendering root/root.html.erb within layouts/application
  Rendered root/root.html.erb within layouts/application (0.2ms)
  [1m[36mUser Load (0.2ms)[0m  [1m[34mSELECT  "users".* FROM "users" WHERE "users"."session_token" = $1 LIMIT $2[0m  [["session_token", "1-M9BqZiLHqUtC3Sd0utPw"], ["LIMIT", 1]]
  ↳ app/controllers/application_controller.rb:26
Completed 200 OK in 39ms (Views: 37.3ms | ActiveRecord: 0.2ms)


Started GET "/api/chirps" for ::1 at 2021-11-16 11:13:26 -0800
Processing by Api::ChirpsController#index as JSON
  Rendering api/chirps/index.json.jbuilder
  [1m[36mChirp Load (0.3ms)[0m  [1m[34mSELECT "chirps".* FROM "chirps"[0m
  ↳ app/views/api/chirps/index.json.jbuilder:1
  Rendered api/chirps/_chirp.json.jbuilder (0.3ms)
  Rendered api/chirps/_chirp.json.jbuilder (0.1ms)
  Rendered api/chirps/_chirp.json.jbuilder (0.0ms)
  Rendered api/chirps/_chirp.json.jbuilder (0.0ms)
  Rendered api/chirps/_chirp.json.jbuilder (0.0ms)
  Rendered api/chirps/_chirp.json.jbuilder (0.1ms)
  Rendered api/chirps/index.json.jbuilder (5.6ms)
Completed 200 OK in 17ms (Views: 14.5ms | ActiveRecord: 0.3ms)


Started GET "/" for ::1 at 2021-11-16 11:13:29 -0800
Processing by RootController#root as HTML
  Rendering root/root.html.erb within layouts/application
  Rendered root/root.html.erb within layouts/application (0.2ms)
  [1m[36mUser Load (0.2ms)[0m  [1m[34mSELECT  "users".* FROM "users" WHERE "users"."session_token" = $1 LIMIT $2[0m  [["session_token", "1-M9BqZiLHqUtC3Sd0utPw"], ["LIMIT", 1]]
  ↳ app/controllers/application_controller.rb:26
Completed 200 OK in 41ms (Views: 38.6ms | ActiveRecord: 0.2ms)


Started POST "/api/users" for ::1 at 2021-11-16 11:13:39 -0800
Processing by Api::UsersController#create as JSON
  Parameters: {"user"=>{"username"=>"fasdfas", "email"=>"fasdf@gmail.com", "password"=>"[FILTERED]"}}
  [1m[35m (0.1ms)[0m  [1m[35mBEGIN[0m
  ↳ app/controllers/api/users_controller.rb:4
  [1m[36mUser Exists (0.2ms)[0m  [1m[34mSELECT  1 AS one FROM "users" WHERE "users"."username" = $1 LIMIT $2[0m  [["username", "fasdfas"], ["LIMIT", 1]]
  ↳ app/controllers/api/users_controller.rb:4
  [1m[36mUser Create (1.3ms)[0m  [1m[32mINSERT INTO "users" ("username", "email", "password_digest", "session_token") VALUES ($1, $2, $3, $4) RETURNING "id"[0m  [["username", "fasdfas"], ["email", "fasdf@gmail.com"], ["password_digest", "$2a$12$fe0s/J5D1zgzqcpXODwPpOdq7s0jNZoUH2Ld9tmjolZLaLXkS271C"], ["session_token", "RItSowezuv4Pw7_xrY_zrQ"]]
  ↳ app/controllers/api/users_controller.rb:4
  [1m[35m (0.2ms)[0m  [1m[35mCOMMIT[0m
  ↳ app/controllers/api/users_controller.rb:4
  Rendering api/users/show.json.jbuilder
  Rendered api/users/show.json.jbuilder (0.3ms)
Completed 200 OK in 196ms (Views: 7.1ms | ActiveRecord: 1.8ms)


Started GET "/api/chirps" for ::1 at 2021-11-16 11:13:39 -0800
Processing by Api::ChirpsController#index as JSON
  Rendering api/chirps/index.json.jbuilder
  [1m[36mChirp Load (0.3ms)[0m  [1m[34mSELECT "chirps".* FROM "chirps"[0m
  ↳ app/views/api/chirps/index.json.jbuilder:1
  Rendered api/chirps/_chirp.json.jbuilder (0.3ms)
  Rendered api/chirps/_chirp.json.jbuilder (0.0ms)
  Rendered api/chirps/_chirp.json.jbuilder (0.0ms)
  Rendered api/chirps/_chirp.json.jbuilder (0.0ms)
  Rendered api/chirps/_chirp.json.jbuilder (0.0ms)
  Rendered api/chirps/_chirp.json.jbuilder (0.1ms)
  Rendered api/chirps/index.json.jbuilder (6.4ms)
Completed 200 OK in 15ms (Views: 12.6ms | ActiveRecord: 0.3ms)


Started GET "/" for ::1 at 2021-11-16 11:13:42 -0800
Processing by RootController#root as HTML
  Rendering root/root.html.erb within layouts/application
  Rendered root/root.html.erb within layouts/application (0.5ms)
  [1m[36mUser Load (0.2ms)[0m  [1m[34mSELECT  "users".* FROM "users" WHERE "users"."session_token" = $1 LIMIT $2[0m  [["session_token", "RItSowezuv4Pw7_xrY_zrQ"], ["LIMIT", 1]]
  ↳ app/controllers/application_controller.rb:26
Completed 200 OK in 45ms (Views: 43.2ms | ActiveRecord: 0.2ms)


Started GET "/api/chirps" for ::1 at 2021-11-16 11:13:42 -0800
Processing by Api::ChirpsController#index as JSON
  Rendering api/chirps/index.json.jbuilder
  [1m[36mChirp Load (0.2ms)[0m  [1m[34mSELECT "chirps".* FROM "chirps"[0m
  ↳ app/views/api/chirps/index.json.jbuilder:1
  Rendered api/chirps/_chirp.json.jbuilder (0.2ms)
  Rendered api/chirps/_chirp.json.jbuilder (0.0ms)
  Rendered api/chirps/_chirp.json.jbuilder (0.0ms)
  Rendered api/chirps/_chirp.json.jbuilder (0.1ms)
  Rendered api/chirps/_chirp.json.jbuilder (0.0ms)
  Rendered api/chirps/_chirp.json.jbuilder (0.0ms)
  Rendered api/chirps/index.json.jbuilder (5.7ms)
Completed 200 OK in 16ms (Views: 12.5ms | ActiveRecord: 0.2ms)


Started GET "/" for ::1 at 2021-11-16 11:13:43 -0800
Processing by RootController#root as HTML
  Rendering root/root.html.erb within layouts/application
  Rendered root/root.html.erb within layouts/application (0.2ms)
  [1m[36mUser Load (0.2ms)[0m  [1m[34mSELECT  "users".* FROM "users" WHERE "users"."session_token" = $1 LIMIT $2[0m  [["session_token", "RItSowezuv4Pw7_xrY_zrQ"], ["LIMIT", 1]]
  ↳ app/controllers/application_controller.rb:26
Completed 200 OK in 38ms (Views: 35.9ms | ActiveRecord: 0.2ms)


Started GET "/api/chirps" for ::1 at 2021-11-16 11:13:44 -0800
Processing by Api::ChirpsController#index as JSON
  Rendering api/chirps/index.json.jbuilder
  [1m[36mChirp Load (0.2ms)[0m  [1m[34mSELECT "chirps".* FROM "chirps"[0m
  ↳ app/views/api/chirps/index.json.jbuilder:1
  Rendered api/chirps/_chirp.json.jbuilder (0.2ms)
  Rendered api/chirps/_chirp.json.jbuilder (0.0ms)
  Rendered api/chirps/_chirp.json.jbuilder (0.0ms)
  Rendered api/chirps/_chirp.json.jbuilder (0.0ms)
  Rendered api/chirps/_chirp.json.jbuilder (0.0ms)
  Rendered api/chirps/_chirp.json.jbuilder (0.0ms)
  Rendered api/chirps/index.json.jbuilder (5.1ms)
Completed 200 OK in 15ms (Views: 12.3ms | ActiveRecord: 0.2ms)


Started GET "/" for ::1 at 2021-11-16 11:13:44 -0800
Processing by RootController#root as HTML
  Rendering root/root.html.erb within layouts/application
  Rendered root/root.html.erb within layouts/application (0.3ms)
  [1m[36mUser Load (0.2ms)[0m  [1m[34mSELECT  "users".* FROM "users" WHERE "users"."session_token" = $1 LIMIT $2[0m  [["session_token", "RItSowezuv4Pw7_xrY_zrQ"], ["LIMIT", 1]]
  ↳ app/controllers/application_controller.rb:26
Completed 200 OK in 44ms (Views: 42.0ms | ActiveRecord: 0.2ms)


Started GET "/api/chirps" for ::1 at 2021-11-16 11:13:44 -0800
Processing by Api::ChirpsController#index as JSON
  Rendering api/chirps/index.json.jbuilder
  [1m[36mChirp Load (0.2ms)[0m  [1m[34mSELECT "chirps".* FROM "chirps"[0m
  ↳ app/views/api/chirps/index.json.jbuilder:1
  Rendered api/chirps/_chirp.json.jbuilder (0.2ms)
  Rendered api/chirps/_chirp.json.jbuilder (0.0ms)
  Rendered api/chirps/_chirp.json.jbuilder (0.0ms)
  Rendered api/chirps/_chirp.json.jbuilder (0.0ms)
  Rendered api/chirps/_chirp.json.jbuilder (0.0ms)
  Rendered api/chirps/_chirp.json.jbuilder (0.0ms)
  Rendered api/chirps/index.json.jbuilder (5.1ms)
Completed 200 OK in 14ms (Views: 11.7ms | ActiveRecord: 0.2ms)


Started GET "/" for ::1 at 2021-11-16 11:14:18 -0800
Processing by RootController#root as HTML
  Rendering root/root.html.erb within layouts/application
  Rendered root/root.html.erb within layouts/application (0.3ms)
  [1m[36mUser Load (0.2ms)[0m  [1m[34mSELECT  "users".* FROM "users" WHERE "users"."session_token" = $1 LIMIT $2[0m  [["session_token", "RItSowezuv4Pw7_xrY_zrQ"], ["LIMIT", 1]]
  ↳ app/controllers/application_controller.rb:26
Completed 200 OK in 47ms (Views: 44.6ms | ActiveRecord: 0.2ms)


Started GET "/api/chirps" for ::1 at 2021-11-16 11:14:18 -0800
Processing by Api::ChirpsController#index as JSON
  Rendering api/chirps/index.json.jbuilder
  [1m[36mChirp Load (0.2ms)[0m  [1m[34mSELECT "chirps".* FROM "chirps"[0m
  ↳ app/views/api/chirps/index.json.jbuilder:1
  Rendered api/chirps/_chirp.json.jbuilder (0.3ms)
  Rendered api/chirps/_chirp.json.jbuilder (0.0ms)
  Rendered api/chirps/_chirp.json.jbuilder (0.0ms)
  Rendered api/chirps/_chirp.json.jbuilder (0.0ms)
  Rendered api/chirps/_chirp.json.jbuilder (0.0ms)
  Rendered api/chirps/_chirp.json.jbuilder (0.0ms)
  Rendered api/chirps/index.json.jbuilder (5.7ms)
Completed 200 OK in 26ms (Views: 15.1ms | ActiveRecord: 0.2ms)


Started GET "/" for ::1 at 2021-11-16 11:14:19 -0800
Processing by RootController#root as HTML
  Rendering root/root.html.erb within layouts/application
  Rendered root/root.html.erb within layouts/application (0.2ms)
  [1m[36mUser Load (0.2ms)[0m  [1m[34mSELECT  "users".* FROM "users" WHERE "users"."session_token" = $1 LIMIT $2[0m  [["session_token", "RItSowezuv4Pw7_xrY_zrQ"], ["LIMIT", 1]]
  ↳ app/controllers/application_controller.rb:26
Completed 200 OK in 36ms (Views: 34.2ms | ActiveRecord: 0.2ms)


Started GET "/api/chirps" for ::1 at 2021-11-16 11:14:19 -0800
Processing by Api::ChirpsController#index as JSON
  Rendering api/chirps/index.json.jbuilder
  [1m[36mChirp Load (0.3ms)[0m  [1m[34mSELECT "chirps".* FROM "chirps"[0m
  ↳ app/views/api/chirps/index.json.jbuilder:1
  Rendered api/chirps/_chirp.json.jbuilder (0.2ms)
  Rendered api/chirps/_chirp.json.jbuilder (0.0ms)
  Rendered api/chirps/_chirp.json.jbuilder (0.0ms)
  Rendered api/chirps/_chirp.json.jbuilder (0.0ms)
  Rendered api/chirps/_chirp.json.jbuilder (0.1ms)
  Rendered api/chirps/_chirp.json.jbuilder (0.0ms)
  Rendered api/chirps/index.json.jbuilder (5.6ms)
Completed 200 OK in 17ms (Views: 13.3ms | ActiveRecord: 0.3ms)


Started POST "/api/users" for ::1 at 2021-11-16 11:14:25 -0800
Processing by Api::UsersController#create as JSON
  Parameters: {"user"=>{"username"=>"adf", "email"=>"fasd", "password"=>"[FILTERED]"}}
  [1m[35m (0.1ms)[0m  [1m[35mBEGIN[0m
  ↳ app/controllers/api/users_controller.rb:4
  [1m[36mUser Exists (0.3ms)[0m  [1m[34mSELECT  1 AS one FROM "users" WHERE "users"."username" = $1 LIMIT $2[0m  [["username", "adf"], ["LIMIT", 1]]
  ↳ app/controllers/api/users_controller.rb:4
  [1m[36mUser Create (0.2ms)[0m  [1m[32mINSERT INTO "users" ("username", "email", "password_digest", "session_token") VALUES ($1, $2, $3, $4) RETURNING "id"[0m  [["username", "adf"], ["email", "fasd"], ["password_digest", "$2a$12$Mm.y1vrRZpRbWY/klrbBDuRfhNvHyaP5g1tRIa0TUL93Pb1E.2bIO"], ["session_token", "LnOGY3YMwfJGpUi0OR7ZsQ"]]
  ↳ app/controllers/api/users_controller.rb:4
  [1m[35m (1.0ms)[0m  [1m[35mCOMMIT[0m
  ↳ app/controllers/api/users_controller.rb:4
  Rendering api/users/show.json.jbuilder
  Rendered api/users/show.json.jbuilder (0.3ms)
Completed 200 OK in 192ms (Views: 6.6ms | ActiveRecord: 1.6ms)


Started GET "/api/chirps" for ::1 at 2021-11-16 11:14:25 -0800
Processing by Api::ChirpsController#index as JSON
  Rendering api/chirps/index.json.jbuilder
  [1m[36mChirp Load (0.3ms)[0m  [1m[34mSELECT "chirps".* FROM "chirps"[0m
  ↳ app/views/api/chirps/index.json.jbuilder:1
  Rendered api/chirps/_chirp.json.jbuilder (0.2ms)
  Rendered api/chirps/_chirp.json.jbuilder (0.0ms)
  Rendered api/chirps/_chirp.json.jbuilder (0.0ms)
  Rendered api/chirps/_chirp.json.jbuilder (0.1ms)
  Rendered api/chirps/_chirp.json.jbuilder (0.0ms)
  Rendered api/chirps/_chirp.json.jbuilder (0.0ms)
  Rendered api/chirps/index.json.jbuilder (5.6ms)
Completed 200 OK in 15ms (Views: 11.7ms | ActiveRecord: 0.3ms)


Started GET "/" for ::1 at 2021-11-16 11:14:26 -0800
Processing by RootController#root as HTML
  Rendering root/root.html.erb within layouts/application
  Rendered root/root.html.erb within layouts/application (0.2ms)
  [1m[36mUser Load (0.2ms)[0m  [1m[34mSELECT  "users".* FROM "users" WHERE "users"."session_token" = $1 LIMIT $2[0m  [["session_token", "LnOGY3YMwfJGpUi0OR7ZsQ"], ["LIMIT", 1]]
  ↳ app/controllers/application_controller.rb:26
Completed 200 OK in 37ms (Views: 34.6ms | ActiveRecord: 0.2ms)


Started GET "/api/chirps" for ::1 at 2021-11-16 11:14:26 -0800
Processing by Api::ChirpsController#index as JSON
  Rendering api/chirps/index.json.jbuilder
  [1m[36mChirp Load (0.3ms)[0m  [1m[34mSELECT "chirps".* FROM "chirps"[0m
  ↳ app/views/api/chirps/index.json.jbuilder:1
  Rendered api/chirps/_chirp.json.jbuilder (0.3ms)
  Rendered api/chirps/_chirp.json.jbuilder (0.0ms)
  Rendered api/chirps/_chirp.json.jbuilder (0.0ms)
  Rendered api/chirps/_chirp.json.jbuilder (0.0ms)
  Rendered api/chirps/_chirp.json.jbuilder (0.0ms)
  Rendered api/chirps/_chirp.json.jbuilder (0.0ms)
  Rendered api/chirps/index.json.jbuilder (5.5ms)
Completed 200 OK in 16ms (Views: 12.4ms | ActiveRecord: 0.3ms)


Started GET "/" for ::1 at 2021-11-16 11:14:49 -0800
Processing by RootController#root as HTML
  Rendering root/root.html.erb within layouts/application
  Rendered root/root.html.erb within layouts/application (0.3ms)
  [1m[36mUser Load (0.2ms)[0m  [1m[34mSELECT  "users".* FROM "users" WHERE "users"."session_token" = $1 LIMIT $2[0m  [["session_token", "LnOGY3YMwfJGpUi0OR7ZsQ"], ["LIMIT", 1]]
  ↳ app/controllers/application_controller.rb:26
Completed 200 OK in 42ms (Views: 39.7ms | ActiveRecord: 0.2ms)


Started GET "/api/chirps" for ::1 at 2021-11-16 11:14:49 -0800
Processing by Api::ChirpsController#index as JSON
  Rendering api/chirps/index.json.jbuilder
  [1m[36mChirp Load (0.4ms)[0m  [1m[34mSELECT "chirps".* FROM "chirps"[0m
  ↳ app/views/api/chirps/index.json.jbuilder:1
  Rendered api/chirps/_chirp.json.jbuilder (0.3ms)
  Rendered api/chirps/_chirp.json.jbuilder (0.0ms)
  Rendered api/chirps/_chirp.json.jbuilder (0.1ms)
  Rendered api/chirps/_chirp.json.jbuilder (0.1ms)
  Rendered api/chirps/_chirp.json.jbuilder (0.1ms)
  Rendered api/chirps/_chirp.json.jbuilder (0.1ms)
  Rendered api/chirps/index.json.jbuilder (7.1ms)
Completed 200 OK in 27ms (Views: 15.6ms | ActiveRecord: 0.4ms)


Started GET "/" for ::1 at 2021-11-16 11:15:04 -0800
Processing by RootController#root as HTML
  Rendering root/root.html.erb within layouts/application
  Rendered root/root.html.erb within layouts/application (0.3ms)
  [1m[36mUser Load (0.2ms)[0m  [1m[34mSELECT  "users".* FROM "users" WHERE "users"."session_token" = $1 LIMIT $2[0m  [["session_token", "LnOGY3YMwfJGpUi0OR7ZsQ"], ["LIMIT", 1]]
  ↳ app/controllers/application_controller.rb:26
Completed 200 OK in 129ms (Views: 126.6ms | ActiveRecord: 0.2ms)


Started GET "/" for ::1 at 2021-11-16 11:15:08 -0800
Processing by RootController#root as HTML
  Rendering root/root.html.erb within layouts/application
  Rendered root/root.html.erb within layouts/application (0.3ms)
  [1m[36mUser Load (0.2ms)[0m  [1m[34mSELECT  "users".* FROM "users" WHERE "users"."session_token" = $1 LIMIT $2[0m  [["session_token", "LnOGY3YMwfJGpUi0OR7ZsQ"], ["LIMIT", 1]]
  ↳ app/controllers/application_controller.rb:26
Completed 200 OK in 36ms (Views: 33.9ms | ActiveRecord: 0.2ms)


Started GET "/" for ::1 at 2021-11-16 11:42:43 -0800
Processing by RootController#root as HTML
  Rendering root/root.html.erb within layouts/application
  Rendered root/root.html.erb within layouts/application (0.8ms)
  [1m[36mUser Load (4.8ms)[0m  [1m[34mSELECT  "users".* FROM "users" WHERE "users"."session_token" = $1 LIMIT $2[0m  [["session_token", "LnOGY3YMwfJGpUi0OR7ZsQ"], ["LIMIT", 1]]
  ↳ app/controllers/application_controller.rb:26
Completed 200 OK in 286ms (Views: 278.5ms | ActiveRecord: 5.3ms)


Started GET "/" for ::1 at 2021-11-16 11:42:44 -0800
Processing by RootController#root as HTML
  Rendering root/root.html.erb within layouts/application
  Rendered root/root.html.erb within layouts/application (0.2ms)
  [1m[36mUser Load (0.5ms)[0m  [1m[34mSELECT  "users".* FROM "users" WHERE "users"."session_token" = $1 LIMIT $2[0m  [["session_token", "LnOGY3YMwfJGpUi0OR7ZsQ"], ["LIMIT", 1]]
  ↳ app/controllers/application_controller.rb:26
Completed 200 OK in 50ms (Views: 47.5ms | ActiveRecord: 0.5ms)


Started GET "/" for ::1 at 2021-11-16 11:43:38 -0800
Processing by RootController#root as HTML
  Rendering root/root.html.erb within layouts/application
  Rendered root/root.html.erb within layouts/application (0.2ms)
  [1m[36mUser Load (0.4ms)[0m  [1m[34mSELECT  "users".* FROM "users" WHERE "users"."session_token" = $1 LIMIT $2[0m  [["session_token", "LnOGY3YMwfJGpUi0OR7ZsQ"], ["LIMIT", 1]]
  ↳ app/controllers/application_controller.rb:26
Completed 200 OK in 56ms (Views: 53.3ms | ActiveRecord: 0.4ms)


Started GET "/" for ::1 at 2021-11-16 11:48:03 -0800
Processing by RootController#root as HTML
  Rendering root/root.html.erb within layouts/application
  Rendered root/root.html.erb within layouts/application (0.3ms)
  [1m[36mUser Load (0.3ms)[0m  [1m[34mSELECT  "users".* FROM "users" WHERE "users"."session_token" = $1 LIMIT $2[0m  [["session_token", "LnOGY3YMwfJGpUi0OR7ZsQ"], ["LIMIT", 1]]
  ↳ app/controllers/application_controller.rb:26
Completed 200 OK in 113ms (Views: 110.6ms | ActiveRecord: 0.3ms)


Started GET "/" for ::1 at 2021-11-16 11:50:44 -0800
Processing by RootController#root as HTML
  Rendering root/root.html.erb within layouts/application
  Rendered root/root.html.erb within layouts/application (0.5ms)
  [1m[36mUser Load (0.3ms)[0m  [1m[34mSELECT  "users".* FROM "users" WHERE "users"."session_token" = $1 LIMIT $2[0m  [["session_token", "LnOGY3YMwfJGpUi0OR7ZsQ"], ["LIMIT", 1]]
  ↳ app/controllers/application_controller.rb:26
Completed 200 OK in 288ms (Views: 285.2ms | ActiveRecord: 0.3ms)


Started GET "/" for ::1 at 2021-11-16 11:50:46 -0800
Processing by RootController#root as HTML
  Rendering root/root.html.erb within layouts/application
  Rendered root/root.html.erb within layouts/application (0.3ms)
  [1m[36mUser Load (0.4ms)[0m  [1m[34mSELECT  "users".* FROM "users" WHERE "users"."session_token" = $1 LIMIT $2[0m  [["session_token", "LnOGY3YMwfJGpUi0OR7ZsQ"], ["LIMIT", 1]]
  ↳ app/controllers/application_controller.rb:26
Completed 200 OK in 44ms (Views: 42.2ms | ActiveRecord: 0.4ms)


Started GET "/" for ::1 at 2021-11-16 11:52:28 -0800
Processing by RootController#root as HTML
  Rendering root/root.html.erb within layouts/application
  Rendered root/root.html.erb within layouts/application (0.3ms)
  [1m[36mUser Load (0.3ms)[0m  [1m[34mSELECT  "users".* FROM "users" WHERE "users"."session_token" = $1 LIMIT $2[0m  [["session_token", "LnOGY3YMwfJGpUi0OR7ZsQ"], ["LIMIT", 1]]
  ↳ app/controllers/application_controller.rb:26
Completed 200 OK in 97ms (Views: 94.2ms | ActiveRecord: 0.3ms)


Started GET "/" for ::1 at 2021-11-16 11:53:12 -0800
Processing by RootController#root as HTML
  Rendering root/root.html.erb within layouts/application
  Rendered root/root.html.erb within layouts/application (0.3ms)
  [1m[36mUser Load (0.2ms)[0m  [1m[34mSELECT  "users".* FROM "users" WHERE "users"."session_token" = $1 LIMIT $2[0m  [["session_token", "LnOGY3YMwfJGpUi0OR7ZsQ"], ["LIMIT", 1]]
  ↳ app/controllers/application_controller.rb:26
Completed 200 OK in 90ms (Views: 87.4ms | ActiveRecord: 0.2ms)


Started GET "/" for ::1 at 2021-11-16 11:53:43 -0800
Processing by RootController#root as HTML
  Rendering root/root.html.erb within layouts/application
  Rendered root/root.html.erb within layouts/application (0.6ms)
  [1m[36mUser Load (0.2ms)[0m  [1m[34mSELECT  "users".* FROM "users" WHERE "users"."session_token" = $1 LIMIT $2[0m  [["session_token", "LnOGY3YMwfJGpUi0OR7ZsQ"], ["LIMIT", 1]]
  ↳ app/controllers/application_controller.rb:26
Completed 200 OK in 84ms (Views: 82.0ms | ActiveRecord: 0.2ms)


Started GET "/" for ::1 at 2021-11-16 11:54:22 -0800
Processing by RootController#root as HTML
  Rendering root/root.html.erb within layouts/application
  Rendered root/root.html.erb within layouts/application (1.8ms)
  [1m[36mUser Load (0.3ms)[0m  [1m[34mSELECT  "users".* FROM "users" WHERE "users"."session_token" = $1 LIMIT $2[0m  [["session_token", "LnOGY3YMwfJGpUi0OR7ZsQ"], ["LIMIT", 1]]
  ↳ app/controllers/application_controller.rb:26
Completed 200 OK in 281ms (Views: 279.0ms | ActiveRecord: 0.3ms)


Started GET "/" for ::1 at 2021-11-16 11:55:08 -0800
Processing by RootController#root as HTML
  Rendering root/root.html.erb within layouts/application
  Rendered root/root.html.erb within layouts/application (0.3ms)
  [1m[36mUser Load (0.2ms)[0m  [1m[34mSELECT  "users".* FROM "users" WHERE "users"."session_token" = $1 LIMIT $2[0m  [["session_token", "LnOGY3YMwfJGpUi0OR7ZsQ"], ["LIMIT", 1]]
  ↳ app/controllers/application_controller.rb:26
Completed 200 OK in 130ms (Views: 127.3ms | ActiveRecord: 0.2ms)


Started GET "/" for ::1 at 2021-11-16 11:55:10 -0800
Processing by RootController#root as HTML
  Rendering root/root.html.erb within layouts/application
  Rendered root/root.html.erb within layouts/application (0.3ms)
  [1m[36mUser Load (0.2ms)[0m  [1m[34mSELECT  "users".* FROM "users" WHERE "users"."session_token" = $1 LIMIT $2[0m  [["session_token", "LnOGY3YMwfJGpUi0OR7ZsQ"], ["LIMIT", 1]]
  ↳ app/controllers/application_controller.rb:26
Completed 200 OK in 77ms (Views: 74.4ms | ActiveRecord: 0.2ms)


Started GET "/" for ::1 at 2021-11-16 11:55:10 -0800
Processing by RootController#root as HTML
  Rendering root/root.html.erb within layouts/application
  Rendered root/root.html.erb within layouts/application (0.5ms)
  [1m[36mUser Load (0.2ms)[0m  [1m[34mSELECT  "users".* FROM "users" WHERE "users"."session_token" = $1 LIMIT $2[0m  [["session_token", "LnOGY3YMwfJGpUi0OR7ZsQ"], ["LIMIT", 1]]
  ↳ app/controllers/application_controller.rb:26
Completed 200 OK in 51ms (Views: 48.5ms | ActiveRecord: 0.2ms)


Started GET "/" for ::1 at 2021-11-16 11:55:50 -0800
Processing by RootController#root as HTML
  Rendering root/root.html.erb within layouts/application
  Rendered root/root.html.erb within layouts/application (1.0ms)
  [1m[36mUser Load (0.4ms)[0m  [1m[34mSELECT  "users".* FROM "users" WHERE "users"."session_token" = $1 LIMIT $2[0m  [["session_token", "LnOGY3YMwfJGpUi0OR7ZsQ"], ["LIMIT", 1]]
  ↳ app/controllers/application_controller.rb:26
Completed 200 OK in 321ms (Views: 318.8ms | ActiveRecord: 0.4ms)


Started GET "/" for ::1 at 2021-11-16 12:03:23 -0800
Processing by RootController#root as HTML
  Rendering root/root.html.erb within layouts/application
  Rendered root/root.html.erb within layouts/application (1.4ms)
  [1m[36mUser Load (2.0ms)[0m  [1m[34mSELECT  "users".* FROM "users" WHERE "users"."session_token" = $1 LIMIT $2[0m  [["session_token", "LnOGY3YMwfJGpUi0OR7ZsQ"], ["LIMIT", 1]]
  ↳ app/controllers/application_controller.rb:26
Completed 200 OK in 299ms (Views: 294.1ms | ActiveRecord: 2.2ms)


Started GET "/" for ::1 at 2021-11-16 12:03:26 -0800
Processing by RootController#root as HTML
  Rendering root/root.html.erb within layouts/application
  Rendered root/root.html.erb within layouts/application (0.3ms)
  [1m[36mUser Load (0.3ms)[0m  [1m[34mSELECT  "users".* FROM "users" WHERE "users"."session_token" = $1 LIMIT $2[0m  [["session_token", "LnOGY3YMwfJGpUi0OR7ZsQ"], ["LIMIT", 1]]
  ↳ app/controllers/application_controller.rb:26
Completed 200 OK in 42ms (Views: 39.1ms | ActiveRecord: 0.3ms)


Started DELETE "/api/session" for ::1 at 2021-11-16 12:03:32 -0800
Processing by Api::SessionsController#destroy as JSON
  [1m[36mUser Load (0.3ms)[0m  [1m[34mSELECT  "users".* FROM "users" WHERE "users"."session_token" = $1 LIMIT $2[0m  [["session_token", "LnOGY3YMwfJGpUi0OR7ZsQ"], ["LIMIT", 1]]
  ↳ app/controllers/application_controller.rb:26
  [1m[35m (0.1ms)[0m  [1m[35mBEGIN[0m
  ↳ app/models/user.rb:84
  [1m[36mUser Exists (0.3ms)[0m  [1m[34mSELECT  1 AS one FROM "users" WHERE "users"."username" = $1 AND "users"."id" != $2 LIMIT $3[0m  [["username", "adf"], ["id", 16], ["LIMIT", 1]]
  ↳ app/models/user.rb:84
  [1m[36mUser Update (3.6ms)[0m  [1m[33mUPDATE "users" SET "session_token" = $1 WHERE "users"."id" = $2[0m  [["session_token", "Nn6fiS_qIjCqQmTBsKWYHg"], ["id", 16]]
  ↳ app/models/user.rb:84
  [1m[35m (1.1ms)[0m  [1m[35mCOMMIT[0m
  ↳ app/models/user.rb:84
Completed 200 OK in 10ms (Views: 0.1ms | ActiveRecord: 5.4ms)


Started POST "/api/users" for ::1 at 2021-11-16 12:04:00 -0800
Processing by Api::UsersController#create as JSON
  Parameters: {"user"=>{"username"=>"fasdfa", "email"=>"adfasdfas", "password"=>"[FILTERED]"}}
  [1m[35m (0.1ms)[0m  [1m[35mBEGIN[0m
  ↳ app/controllers/api/users_controller.rb:4
  [1m[36mUser Exists (0.3ms)[0m  [1m[34mSELECT  1 AS one FROM "users" WHERE "users"."username" = $1 LIMIT $2[0m  [["username", "fasdfa"], ["LIMIT", 1]]
  ↳ app/controllers/api/users_controller.rb:4
  [1m[36mUser Create (0.4ms)[0m  [1m[32mINSERT INTO "users" ("username", "email", "password_digest", "session_token") VALUES ($1, $2, $3, $4) RETURNING "id"[0m  [["username", "fasdfa"], ["email", "adfasdfas"], ["password_digest", "$2a$12$ycjrN6SSwhepVaCXGYEYO.msGTqHTDlSdBjtCUZN4dYAMjRtE98Vu"], ["session_token", "uNE9lz97bFU_GLdU53rY-w"]]
  ↳ app/controllers/api/users_controller.rb:4
  [1m[35m (1.2ms)[0m  [1m[35mCOMMIT[0m
  ↳ app/controllers/api/users_controller.rb:4
  Rendering api/users/show.json.jbuilder
  Rendered api/users/show.json.jbuilder (1.3ms)
Completed 200 OK in 193ms (Views: 8.0ms | ActiveRecord: 2.0ms)


Started GET "/api/chirps" for ::1 at 2021-11-16 12:04:00 -0800
Processing by Api::ChirpsController#index as JSON
  Rendering api/chirps/index.json.jbuilder
  [1m[36mChirp Load (51.3ms)[0m  [1m[34mSELECT "chirps".* FROM "chirps"[0m
  ↳ app/views/api/chirps/index.json.jbuilder:1
  Rendered api/chirps/_chirp.json.jbuilder (0.4ms)
  Rendered api/chirps/_chirp.json.jbuilder (0.1ms)
  Rendered api/chirps/_chirp.json.jbuilder (0.1ms)
  Rendered api/chirps/_chirp.json.jbuilder (0.0ms)
  Rendered api/chirps/_chirp.json.jbuilder (0.0ms)
  Rendered api/chirps/_chirp.json.jbuilder (0.0ms)
  Rendered api/chirps/index.json.jbuilder (66.4ms)
Completed 200 OK in 78ms (Views: 23.6ms | ActiveRecord: 51.3ms)


Started DELETE "/api/session" for ::1 at 2021-11-16 12:04:03 -0800
Processing by Api::SessionsController#destroy as JSON
  [1m[36mUser Load (0.3ms)[0m  [1m[34mSELECT  "users".* FROM "users" WHERE "users"."session_token" = $1 LIMIT $2[0m  [["session_token", "uNE9lz97bFU_GLdU53rY-w"], ["LIMIT", 1]]
  ↳ app/controllers/application_controller.rb:26
  [1m[35m (0.1ms)[0m  [1m[35mBEGIN[0m
  ↳ app/models/user.rb:84
  [1m[36mUser Exists (0.2ms)[0m  [1m[34mSELECT  1 AS one FROM "users" WHERE "users"."username" = $1 AND "users"."id" != $2 LIMIT $3[0m  [["username", "fasdfa"], ["id", 17], ["LIMIT", 1]]
  ↳ app/models/user.rb:84
  [1m[36mUser Update (0.2ms)[0m  [1m[33mUPDATE "users" SET "session_token" = $1 WHERE "users"."id" = $2[0m  [["session_token", "nH3ULWRuw-cVB7XNZFPVFg"], ["id", 17]]
  ↳ app/models/user.rb:84
  [1m[35m (0.2ms)[0m  [1m[35mCOMMIT[0m
  ↳ app/models/user.rb:84
Completed 200 OK in 4ms (Views: 0.2ms | ActiveRecord: 1.0ms)


Started GET "/" for ::1 at 2021-11-16 12:04:49 -0800
Processing by RootController#root as HTML
  Rendering root/root.html.erb within layouts/application
  Rendered root/root.html.erb within layouts/application (0.3ms)
Completed 200 OK in 256ms (Views: 254.2ms | ActiveRecord: 0.0ms)


Started GET "/api/chirps" for ::1 at 2021-11-16 12:04:50 -0800
Processing by Api::ChirpsController#index as JSON
  Rendering api/chirps/index.json.jbuilder
  [1m[36mChirp Load (0.8ms)[0m  [1m[34mSELECT "chirps".* FROM "chirps"[0m
  ↳ app/views/api/chirps/index.json.jbuilder:1
  Rendered api/chirps/_chirp.json.jbuilder (1.0ms)
  Rendered api/chirps/_chirp.json.jbuilder (0.2ms)
  Rendered api/chirps/_chirp.json.jbuilder (0.1ms)
  Rendered api/chirps/_chirp.json.jbuilder (0.0ms)
  Rendered api/chirps/_chirp.json.jbuilder (0.0ms)
  Rendered api/chirps/_chirp.json.jbuilder (0.0ms)
  Rendered api/chirps/index.json.jbuilder (12.8ms)
Completed 200 OK in 27ms (Views: 23.4ms | ActiveRecord: 0.8ms)


Started GET "/" for ::1 at 2021-11-16 12:05:07 -0800
Processing by RootController#root as HTML
  Rendering root/root.html.erb within layouts/application
  Rendered root/root.html.erb within layouts/application (0.3ms)
Completed 200 OK in 228ms (Views: 226.2ms | ActiveRecord: 0.0ms)


Started POST "/api/users" for ::1 at 2021-11-16 12:05:17 -0800
Processing by Api::UsersController#create as JSON
  Parameters: {"user"=>{"username"=>"fasdfasd", "email"=>"sdfasdf", "password"=>"[FILTERED]"}}
  [1m[35m (0.1ms)[0m  [1m[35mBEGIN[0m
  ↳ app/controllers/api/users_controller.rb:4
  [1m[36mUser Exists (0.3ms)[0m  [1m[34mSELECT  1 AS one FROM "users" WHERE "users"."username" = $1 LIMIT $2[0m  [["username", "fasdfasd"], ["LIMIT", 1]]
  ↳ app/controllers/api/users_controller.rb:4
  [1m[36mUser Create (0.2ms)[0m  [1m[32mINSERT INTO "users" ("username", "email", "password_digest", "session_token") VALUES ($1, $2, $3, $4) RETURNING "id"[0m  [["username", "fasdfasd"], ["email", "sdfasdf"], ["password_digest", "$2a$12$LSIssdJOYncpvZQBYqVTAORdGdyOZRWGtuvVRCuvxV5p3oYdvaOUm"], ["session_token", "VN1nQJiV7f4o6FA3Rk0ZHw"]]
  ↳ app/controllers/api/users_controller.rb:4
  [1m[35m (1.4ms)[0m  [1m[35mCOMMIT[0m
  ↳ app/controllers/api/users_controller.rb:4
  Rendering api/users/show.json.jbuilder
  Rendered api/users/show.json.jbuilder (0.3ms)
Completed 200 OK in 192ms (Views: 6.9ms | ActiveRecord: 2.0ms)


Started GET "/api/chirps" for ::1 at 2021-11-16 12:05:17 -0800
Processing by Api::ChirpsController#index as JSON
  Rendering api/chirps/index.json.jbuilder
  [1m[36mChirp Load (0.3ms)[0m  [1m[34mSELECT "chirps".* FROM "chirps"[0m
  ↳ app/views/api/chirps/index.json.jbuilder:1
  Rendered api/chirps/_chirp.json.jbuilder (0.2ms)
  Rendered api/chirps/_chirp.json.jbuilder (0.0ms)
  Rendered api/chirps/_chirp.json.jbuilder (0.0ms)
  Rendered api/chirps/_chirp.json.jbuilder (0.0ms)
  Rendered api/chirps/_chirp.json.jbuilder (0.0ms)
  Rendered api/chirps/_chirp.json.jbuilder (0.0ms)
  Rendered api/chirps/index.json.jbuilder (5.7ms)
Completed 200 OK in 14ms (Views: 11.8ms | ActiveRecord: 0.3ms)


Started DELETE "/api/session" for ::1 at 2021-11-16 12:05:21 -0800
Processing by Api::SessionsController#destroy as JSON
  [1m[36mUser Load (0.3ms)[0m  [1m[34mSELECT  "users".* FROM "users" WHERE "users"."session_token" = $1 LIMIT $2[0m  [["session_token", "VN1nQJiV7f4o6FA3Rk0ZHw"], ["LIMIT", 1]]
  ↳ app/controllers/application_controller.rb:26
  [1m[35m (0.1ms)[0m  [1m[35mBEGIN[0m
  ↳ app/models/user.rb:84
  [1m[36mUser Exists (0.3ms)[0m  [1m[34mSELECT  1 AS one FROM "users" WHERE "users"."username" = $1 AND "users"."id" != $2 LIMIT $3[0m  [["username", "fasdfasd"], ["id", 18], ["LIMIT", 1]]
  ↳ app/models/user.rb:84
  [1m[36mUser Update (0.2ms)[0m  [1m[33mUPDATE "users" SET "session_token" = $1 WHERE "users"."id" = $2[0m  [["session_token", "w22Q5WTYNiBFNjDntQrgfA"], ["id", 18]]
  ↳ app/models/user.rb:84
  [1m[35m (0.4ms)[0m  [1m[35mCOMMIT[0m
  ↳ app/models/user.rb:84
Completed 200 OK in 4ms (Views: 0.1ms | ActiveRecord: 1.3ms)


Started GET "/" for ::1 at 2021-11-16 15:55:39 -0800
  [1m[35m (1.9ms)[0m  [1m[34mSELECT "schema_migrations"."version" FROM "schema_migrations" ORDER BY "schema_migrations"."version" ASC[0m
  ↳ /Users/lyhourlay/.rbenv/versions/2.5.1/lib/ruby/gems/2.5.0/gems/activerecord-5.2.6/lib/active_record/log_subscriber.rb:98
Processing by RootController#root as HTML
  Rendering root/root.html.erb within layouts/application
  Rendered root/root.html.erb within layouts/application (1.1ms)
Completed 200 OK in 1403ms (Views: 1397.8ms | ActiveRecord: 0.0ms)


Started POST "/api/users" for ::1 at 2021-11-16 15:56:59 -0800
Processing by Api::UsersController#create as JSON
  Parameters: {"user"=>{"username"=>"gfsdfsfgsdfgsd", "email"=>"sdfgsdfgd", "password"=>"[FILTERED]"}}
  [1m[35m (0.1ms)[0m  [1m[35mBEGIN[0m
  ↳ app/controllers/api/users_controller.rb:4
  [1m[36mUser Exists (5.8ms)[0m  [1m[34mSELECT  1 AS one FROM "users" WHERE "users"."username" = $1 LIMIT $2[0m  [["username", "gfsdfsfgsdfgsd"], ["LIMIT", 1]]
  ↳ app/controllers/api/users_controller.rb:4
  [1m[36mUser Create (2.1ms)[0m  [1m[32mINSERT INTO "users" ("username", "email", "password_digest", "session_token") VALUES ($1, $2, $3, $4) RETURNING "id"[0m  [["username", "gfsdfsfgsdfgsd"], ["email", "sdfgsdfgd"], ["password_digest", "$2a$12$pwqUYiPbiND./tww/a3/1.PFIHFSDevaM/zMmZUr0AjRxzeHb1mNW"], ["session_token", "ZrIR0SA3aRkMEVDuNsh3Ug"]]
  ↳ app/controllers/api/users_controller.rb:4
  [1m[35m (6.7ms)[0m  [1m[35mCOMMIT[0m
  ↳ app/controllers/api/users_controller.rb:4
  Rendering api/users/show.json.jbuilder
  Rendered api/users/show.json.jbuilder (1.6ms)
Completed 200 OK in 293ms (Views: 12.7ms | ActiveRecord: 25.7ms)


Started GET "/api/chirps" for ::1 at 2021-11-16 15:56:59 -0800
Processing by Api::ChirpsController#index as JSON
  Rendering api/chirps/index.json.jbuilder
  [1m[36mChirp Load (2.0ms)[0m  [1m[34mSELECT "chirps".* FROM "chirps"[0m
  ↳ app/views/api/chirps/index.json.jbuilder:1
  [1m[35m (3.6ms)[0m  [1m[34mSELECT COUNT(*) FROM "likes" WHERE "likes"."chirp_id" = $1[0m  [["chirp_id", 1]]
  ↳ app/views/api/chirps/_chirp.json.jbuilder:2
  [1m[36mUser Load (0.2ms)[0m  [1m[34mSELECT  "users".* FROM "users" WHERE "users"."session_token" = $1 LIMIT $2[0m  [["session_token", "ZrIR0SA3aRkMEVDuNsh3Ug"], ["LIMIT", 1]]
  ↳ app/controllers/application_controller.rb:26
  [1m[36mLike Load (0.1ms)[0m  [1m[34mSELECT  "likes".* FROM "likes" WHERE "likes"."chirp_id" = $1 AND "likes"."user_id" = $2 LIMIT $3[0m  [["chirp_id", 1], ["user_id", 19], ["LIMIT", 1]]
  ↳ app/views/api/chirps/_chirp.json.jbuilder:3
  Rendered api/chirps/_chirp.json.jbuilder (31.7ms)
  [1m[35m (0.2ms)[0m  [1m[34mSELECT COUNT(*) FROM "likes" WHERE "likes"."chirp_id" = $1[0m  [["chirp_id", 2]]
  ↳ app/views/api/chirps/_chirp.json.jbuilder:2
  [1m[36mLike Load (0.2ms)[0m  [1m[34mSELECT  "likes".* FROM "likes" WHERE "likes"."chirp_id" = $1 AND "likes"."user_id" = $2 LIMIT $3[0m  [["chirp_id", 2], ["user_id", 19], ["LIMIT", 1]]
  ↳ app/views/api/chirps/_chirp.json.jbuilder:3
  Rendered api/chirps/_chirp.json.jbuilder (2.0ms)
  [1m[35m (0.7ms)[0m  [1m[34mSELECT COUNT(*) FROM "likes" WHERE "likes"."chirp_id" = $1[0m  [["chirp_id", 3]]
  ↳ app/views/api/chirps/_chirp.json.jbuilder:2
  [1m[36mLike Load (0.3ms)[0m  [1m[34mSELECT  "likes".* FROM "likes" WHERE "likes"."chirp_id" = $1 AND "likes"."user_id" = $2 LIMIT $3[0m  [["chirp_id", 3], ["user_id", 19], ["LIMIT", 1]]
  ↳ app/views/api/chirps/_chirp.json.jbuilder:3
  Rendered api/chirps/_chirp.json.jbuilder (4.3ms)
  [1m[35m (0.5ms)[0m  [1m[34mSELECT COUNT(*) FROM "likes" WHERE "likes"."chirp_id" = $1[0m  [["chirp_id", 4]]
  ↳ app/views/api/chirps/_chirp.json.jbuilder:2
  [1m[36mLike Load (0.2ms)[0m  [1m[34mSELECT  "likes".* FROM "likes" WHERE "likes"."chirp_id" = $1 AND "likes"."user_id" = $2 LIMIT $3[0m  [["chirp_id", 4], ["user_id", 19], ["LIMIT", 1]]
  ↳ app/views/api/chirps/_chirp.json.jbuilder:3
  Rendered api/chirps/_chirp.json.jbuilder (3.4ms)
  [1m[35m (0.3ms)[0m  [1m[34mSELECT COUNT(*) FROM "likes" WHERE "likes"."chirp_id" = $1[0m  [["chirp_id", 5]]
  ↳ app/views/api/chirps/_chirp.json.jbuilder:2
  [1m[36mLike Load (0.2ms)[0m  [1m[34mSELECT  "likes".* FROM "likes" WHERE "likes"."chirp_id" = $1 AND "likes"."user_id" = $2 LIMIT $3[0m  [["chirp_id", 5], ["user_id", 19], ["LIMIT", 1]]
  ↳ app/views/api/chirps/_chirp.json.jbuilder:3
  Rendered api/chirps/_chirp.json.jbuilder (2.3ms)
  [1m[35m (0.3ms)[0m  [1m[34mSELECT COUNT(*) FROM "likes" WHERE "likes"."chirp_id" = $1[0m  [["chirp_id", 6]]
  ↳ app/views/api/chirps/_chirp.json.jbuilder:2
  [1m[36mLike Load (0.3ms)[0m  [1m[34mSELECT  "likes".* FROM "likes" WHERE "likes"."chirp_id" = $1 AND "likes"."user_id" = $2 LIMIT $3[0m  [["chirp_id", 6], ["user_id", 19], ["LIMIT", 1]]
  ↳ app/views/api/chirps/_chirp.json.jbuilder:3
  Rendered api/chirps/_chirp.json.jbuilder (2.9ms)
  Rendered api/chirps/index.json.jbuilder (70.8ms)
Completed 200 OK in 88ms (Views: 59.6ms | ActiveRecord: 17.9ms)


